<?xml version="1.0" encoding="UTF-8"?>
<testsuite xmlns:xsi="http://www.w3.org/2001/XMLSchema-instance" xsi:noNamespaceSchemaLocation="https://maven.apache.org/surefire/maven-surefire-plugin/xsd/surefire-test-report-3.0.xsd" version="3.0" name="tek.sdet.framework.runner.TestRunner" time="111.106" tests="21" errors="0" skipped="0" failures="0">
  <properties>
    <property name="sun.desktop" value="windows"/>
    <property name="awt.toolkit" value="sun.awt.windows.WToolkit"/>
    <property name="java.specification.version" value="11"/>
    <property name="sun.cpu.isalist" value="amd64"/>
    <property name="sun.jnu.encoding" value="Cp1252"/>
    <property name="java.class.path" value="C:\Users\Sadati\eclipse-workspace\TekCapstone\target\test-classes;C:\Users\Sadati\eclipse-workspace\TekCapstone\target\classes;C:\Users\Sadati\.m2\repository\io\cucumber\cucumber-java\7.8.0\cucumber-java-7.8.0.jar;C:\Users\Sadati\.m2\repository\io\cucumber\cucumber-core\7.8.0\cucumber-core-7.8.0.jar;C:\Users\Sadati\.m2\repository\io\cucumber\cucumber-gherkin\7.8.0\cucumber-gherkin-7.8.0.jar;C:\Users\Sadati\.m2\repository\io\cucumber\cucumber-gherkin-messages\7.8.0\cucumber-gherkin-messages-7.8.0.jar;C:\Users\Sadati\.m2\repository\io\cucumber\gherkin\24.0.0\gherkin-24.0.0.jar;C:\Users\Sadati\.m2\repository\io\cucumber\messages\19.1.2\messages-19.1.2.jar;C:\Users\Sadati\.m2\repository\io\cucumber\tag-expressions\4.1.0\tag-expressions-4.1.0.jar;C:\Users\Sadati\.m2\repository\io\cucumber\cucumber-expressions\16.0.0\cucumber-expressions-16.0.0.jar;C:\Users\Sadati\.m2\repository\io\cucumber\datatable\7.8.0\datatable-7.8.0.jar;C:\Users\Sadati\.m2\repository\io\cucumber\cucumber-plugin\7.8.0\cucumber-plugin-7.8.0.jar;C:\Users\Sadati\.m2\repository\io\cucumber\docstring\7.8.0\docstring-7.8.0.jar;C:\Users\Sadati\.m2\repository\io\cucumber\html-formatter\20.1.0\html-formatter-20.1.0.jar;C:\Users\Sadati\.m2\repository\io\cucumber\ci-environment\9.1.0\ci-environment-9.1.0.jar;C:\Users\Sadati\.m2\repository\org\apiguardian\apiguardian-api\1.1.2\apiguardian-api-1.1.2.jar;C:\Users\Sadati\.m2\repository\io\cucumber\cucumber-junit\7.8.0\cucumber-junit-7.8.0.jar;C:\Users\Sadati\.m2\repository\junit\junit\4.13.2\junit-4.13.2.jar;C:\Users\Sadati\.m2\repository\org\hamcrest\hamcrest-core\1.3\hamcrest-core-1.3.jar;C:\Users\Sadati\.m2\repository\org\seleniumhq\selenium\selenium-java\4.4.0\selenium-java-4.4.0.jar;C:\Users\Sadati\.m2\repository\org\seleniumhq\selenium\selenium-api\4.4.0\selenium-api-4.4.0.jar;C:\Users\Sadati\.m2\repository\org\seleniumhq\selenium\selenium-chrome-driver\4.4.0\selenium-chrome-driver-4.4.0.jar;C:\Users\Sadati\.m2\repository\com\google\auto\service\auto-service-annotations\1.0.1\auto-service-annotations-1.0.1.jar;C:\Users\Sadati\.m2\repository\com\google\auto\service\auto-service\1.0.1\auto-service-1.0.1.jar;C:\Users\Sadati\.m2\repository\com\google\auto\auto-common\1.2\auto-common-1.2.jar;C:\Users\Sadati\.m2\repository\com\google\guava\guava\31.1-jre\guava-31.1-jre.jar;C:\Users\Sadati\.m2\repository\com\google\guava\failureaccess\1.0.1\failureaccess-1.0.1.jar;C:\Users\Sadati\.m2\repository\com\google\guava\listenablefuture\9999.0-empty-to-avoid-conflict-with-guava\listenablefuture-9999.0-empty-to-avoid-conflict-with-guava.jar;C:\Users\Sadati\.m2\repository\com\google\code\findbugs\jsr305\3.0.2\jsr305-3.0.2.jar;C:\Users\Sadati\.m2\repository\org\checkerframework\checker-qual\3.12.0\checker-qual-3.12.0.jar;C:\Users\Sadati\.m2\repository\com\google\errorprone\error_prone_annotations\2.11.0\error_prone_annotations-2.11.0.jar;C:\Users\Sadati\.m2\repository\com\google\j2objc\j2objc-annotations\1.3\j2objc-annotations-1.3.jar;C:\Users\Sadati\.m2\repository\org\seleniumhq\selenium\selenium-chromium-driver\4.4.0\selenium-chromium-driver-4.4.0.jar;C:\Users\Sadati\.m2\repository\org\seleniumhq\selenium\selenium-json\4.4.0\selenium-json-4.4.0.jar;C:\Users\Sadati\.m2\repository\org\seleniumhq\selenium\selenium-devtools-v102\4.4.0\selenium-devtools-v102-4.4.0.jar;C:\Users\Sadati\.m2\repository\org\seleniumhq\selenium\selenium-devtools-v103\4.4.0\selenium-devtools-v103-4.4.0.jar;C:\Users\Sadati\.m2\repository\org\seleniumhq\selenium\selenium-devtools-v104\4.4.0\selenium-devtools-v104-4.4.0.jar;C:\Users\Sadati\.m2\repository\org\seleniumhq\selenium\selenium-devtools-v85\4.4.0\selenium-devtools-v85-4.4.0.jar;C:\Users\Sadati\.m2\repository\org\seleniumhq\selenium\selenium-edge-driver\4.4.0\selenium-edge-driver-4.4.0.jar;C:\Users\Sadati\.m2\repository\org\seleniumhq\selenium\selenium-firefox-driver\4.4.0\selenium-firefox-driver-4.4.0.jar;C:\Users\Sadati\.m2\repository\org\seleniumhq\selenium\selenium-ie-driver\4.4.0\selenium-ie-driver-4.4.0.jar;C:\Users\Sadati\.m2\repository\org\seleniumhq\selenium\selenium-opera-driver\4.4.0\selenium-opera-driver-4.4.0.jar;C:\Users\Sadati\.m2\repository\org\seleniumhq\selenium\selenium-remote-driver\4.4.0\selenium-remote-driver-4.4.0.jar;C:\Users\Sadati\.m2\repository\com\beust\jcommander\1.82\jcommander-1.82.jar;C:\Users\Sadati\.m2\repository\io\netty\netty-buffer\4.1.78.Final\netty-buffer-4.1.78.Final.jar;C:\Users\Sadati\.m2\repository\io\netty\netty-codec-http\4.1.78.Final\netty-codec-http-4.1.78.Final.jar;C:\Users\Sadati\.m2\repository\io\netty\netty-codec\4.1.78.Final\netty-codec-4.1.78.Final.jar;C:\Users\Sadati\.m2\repository\io\netty\netty-handler\4.1.78.Final\netty-handler-4.1.78.Final.jar;C:\Users\Sadati\.m2\repository\io\netty\netty-common\4.1.78.Final\netty-common-4.1.78.Final.jar;C:\Users\Sadati\.m2\repository\io\netty\netty-transport-classes-epoll\4.1.78.Final\netty-transport-classes-epoll-4.1.78.Final.jar;C:\Users\Sadati\.m2\repository\io\netty\netty-transport-classes-kqueue\4.1.78.Final\netty-transport-classes-kqueue-4.1.78.Final.jar;C:\Users\Sadati\.m2\repository\io\netty\netty-transport-native-epoll\4.1.78.Final\netty-transport-native-epoll-4.1.78.Final.jar;C:\Users\Sadati\.m2\repository\io\netty\netty-transport-native-kqueue\4.1.78.Final\netty-transport-native-kqueue-4.1.78.Final.jar;C:\Users\Sadati\.m2\repository\io\netty\netty-transport-native-unix-common\4.1.78.Final\netty-transport-native-unix-common-4.1.78.Final.jar;C:\Users\Sadati\.m2\repository\io\netty\netty-transport\4.1.78.Final\netty-transport-4.1.78.Final.jar;C:\Users\Sadati\.m2\repository\io\netty\netty-resolver\4.1.78.Final\netty-resolver-4.1.78.Final.jar;C:\Users\Sadati\.m2\repository\io\opentelemetry\opentelemetry-api\1.16.0\opentelemetry-api-1.16.0.jar;C:\Users\Sadati\.m2\repository\io\opentelemetry\opentelemetry-context\1.16.0\opentelemetry-context-1.16.0.jar;C:\Users\Sadati\.m2\repository\io\opentelemetry\opentelemetry-exporter-logging\1.16.0\opentelemetry-exporter-logging-1.16.0.jar;C:\Users\Sadati\.m2\repository\io\opentelemetry\opentelemetry-sdk-metrics\1.16.0\opentelemetry-sdk-metrics-1.16.0.jar;C:\Users\Sadati\.m2\repository\io\opentelemetry\opentelemetry-sdk-logs\1.16.0-alpha\opentelemetry-sdk-logs-1.16.0-alpha.jar;C:\Users\Sadati\.m2\repository\io\opentelemetry\opentelemetry-sdk-common\1.16.0\opentelemetry-sdk-common-1.16.0.jar;C:\Users\Sadati\.m2\repository\io\opentelemetry\opentelemetry-sdk-extension-autoconfigure-spi\1.16.0\opentelemetry-sdk-extension-autoconfigure-spi-1.16.0.jar;C:\Users\Sadati\.m2\repository\io\opentelemetry\opentelemetry-sdk-extension-autoconfigure\1.16.0-alpha\opentelemetry-sdk-extension-autoconfigure-1.16.0-alpha.jar;C:\Users\Sadati\.m2\repository\io\opentelemetry\opentelemetry-sdk-trace\1.16.0\opentelemetry-sdk-trace-1.16.0.jar;C:\Users\Sadati\.m2\repository\io\opentelemetry\opentelemetry-sdk\1.16.0\opentelemetry-sdk-1.16.0.jar;C:\Users\Sadati\.m2\repository\io\opentelemetry\opentelemetry-semconv\1.16.0-alpha\opentelemetry-semconv-1.16.0-alpha.jar;C:\Users\Sadati\.m2\repository\io\ous\jtoml\2.0.0\jtoml-2.0.0.jar;C:\Users\Sadati\.m2\repository\net\bytebuddy\byte-buddy\1.12.10\byte-buddy-1.12.10.jar;C:\Users\Sadati\.m2\repository\org\apache\commons\commons-exec\1.3\commons-exec-1.3.jar;C:\Users\Sadati\.m2\repository\org\asynchttpclient\async-http-client\2.12.3\async-http-client-2.12.3.jar;C:\Users\Sadati\.m2\repository\org\asynchttpclient\async-http-client-netty-utils\2.12.3\async-http-client-netty-utils-2.12.3.jar;C:\Users\Sadati\.m2\repository\io\netty\netty-codec-socks\4.1.60.Final\netty-codec-socks-4.1.60.Final.jar;C:\Users\Sadati\.m2\repository\io\netty\netty-handler-proxy\4.1.60.Final\netty-handler-proxy-4.1.60.Final.jar;C:\Users\Sadati\.m2\repository\io\netty\netty-transport-native-epoll\4.1.60.Final\netty-transport-native-epoll-4.1.60.Final-linux-x86_64.jar;C:\Users\Sadati\.m2\repository\io\netty\netty-transport-native-kqueue\4.1.60.Final\netty-transport-native-kqueue-4.1.60.Final-osx-x86_64.jar;C:\Users\Sadati\.m2\repository\org\reactivestreams\reactive-streams\1.0.3\reactive-streams-1.0.3.jar;C:\Users\Sadati\.m2\repository\com\typesafe\netty\netty-reactive-streams\2.0.4\netty-reactive-streams-2.0.4.jar;C:\Users\Sadati\.m2\repository\com\sun\activation\jakarta.activation\1.2.2\jakarta.activation-1.2.2.jar;C:\Users\Sadati\.m2\repository\org\seleniumhq\selenium\selenium-http\4.4.0\selenium-http-4.4.0.jar;C:\Users\Sadati\.m2\repository\dev\failsafe\failsafe\3.2.4\failsafe-3.2.4.jar;C:\Users\Sadati\.m2\repository\org\seleniumhq\selenium\selenium-safari-driver\4.4.0\selenium-safari-driver-4.4.0.jar;C:\Users\Sadati\.m2\repository\org\seleniumhq\selenium\selenium-support\4.4.0\selenium-support-4.4.0.jar;C:\Users\Sadati\.m2\repository\io\github\bonigarcia\webdrivermanager\5.3.0\webdrivermanager-5.3.0.jar;C:\Users\Sadati\.m2\repository\org\slf4j\slf4j-api\1.7.36\slf4j-api-1.7.36.jar;C:\Users\Sadati\.m2\repository\com\google\code\gson\gson\2.9.1\gson-2.9.1.jar;C:\Users\Sadati\.m2\repository\com\github\docker-java\docker-java\3.2.13\docker-java-3.2.13.jar;C:\Users\Sadati\.m2\repository\com\github\docker-java\docker-java-core\3.2.13\docker-java-core-3.2.13.jar;C:\Users\Sadati\.m2\repository\com\github\docker-java\docker-java-api\3.2.13\docker-java-api-3.2.13.jar;C:\Users\Sadati\.m2\repository\com\fasterxml\jackson\core\jackson-annotations\2.10.3\jackson-annotations-2.10.3.jar;C:\Users\Sadati\.m2\repository\com\fasterxml\jackson\core\jackson-databind\2.10.3\jackson-databind-2.10.3.jar;C:\Users\Sadati\.m2\repository\com\fasterxml\jackson\core\jackson-core\2.10.3\jackson-core-2.10.3.jar;C:\Users\Sadati\.m2\repository\org\bouncycastle\bcpkix-jdk15on\1.64\bcpkix-jdk15on-1.64.jar;C:\Users\Sadati\.m2\repository\org\bouncycastle\bcprov-jdk15on\1.64\bcprov-jdk15on-1.64.jar;C:\Users\Sadati\.m2\repository\org\slf4j\jcl-over-slf4j\1.7.30\jcl-over-slf4j-1.7.30.jar;C:\Users\Sadati\.m2\repository\com\github\docker-java\docker-java-transport-httpclient5\3.2.13\docker-java-transport-httpclient5-3.2.13.jar;C:\Users\Sadati\.m2\repository\com\github\docker-java\docker-java-transport\3.2.13\docker-java-transport-3.2.13.jar;C:\Users\Sadati\.m2\repository\net\java\dev\jna\jna\5.8.0\jna-5.8.0.jar;C:\Users\Sadati\.m2\repository\org\brotli\dec\0.1.2\dec-0.1.2.jar;C:\Users\Sadati\.m2\repository\org\apache\commons\commons-lang3\3.12.0\commons-lang3-3.12.0.jar;C:\Users\Sadati\.m2\repository\org\apache\httpcomponents\client5\httpclient5\5.1.3\httpclient5-5.1.3.jar;C:\Users\Sadati\.m2\repository\org\apache\httpcomponents\core5\httpcore5\5.1.3\httpcore5-5.1.3.jar;C:\Users\Sadati\.m2\repository\org\apache\httpcomponents\core5\httpcore5-h2\5.1.3\httpcore5-h2-5.1.3.jar;C:\Users\Sadati\.m2\repository\org\apache\poi\poi\5.2.3\poi-5.2.3.jar;C:\Users\Sadati\.m2\repository\commons-codec\commons-codec\1.15\commons-codec-1.15.jar;C:\Users\Sadati\.m2\repository\org\apache\commons\commons-collections4\4.4\commons-collections4-4.4.jar;C:\Users\Sadati\.m2\repository\org\apache\commons\commons-math3\3.6.1\commons-math3-3.6.1.jar;C:\Users\Sadati\.m2\repository\com\zaxxer\SparseBitSet\1.2\SparseBitSet-1.2.jar;C:\Users\Sadati\.m2\repository\org\apache\logging\log4j\log4j-api\2.18.0\log4j-api-2.18.0.jar;C:\Users\Sadati\.m2\repository\org\apache\poi\poi-ooxml\5.2.3\poi-ooxml-5.2.3.jar;C:\Users\Sadati\.m2\repository\org\apache\poi\poi-ooxml-lite\5.2.3\poi-ooxml-lite-5.2.3.jar;C:\Users\Sadati\.m2\repository\org\apache\xmlbeans\xmlbeans\5.1.1\xmlbeans-5.1.1.jar;C:\Users\Sadati\.m2\repository\org\apache\commons\commons-compress\1.21\commons-compress-1.21.jar;C:\Users\Sadati\.m2\repository\com\github\virtuald\curvesapi\1.07\curvesapi-1.07.jar;C:\Users\Sadati\.m2\repository\mysql\mysql-connector-java\8.0.30\mysql-connector-java-8.0.30.jar;C:\Users\Sadati\.m2\repository\com\google\protobuf\protobuf-java\3.19.4\protobuf-java-3.19.4.jar;C:\Users\Sadati\.m2\repository\commons-io\commons-io\2.11.0\commons-io-2.11.0.jar;C:\Users\Sadati\.m2\repository\org\yaml\snakeyaml\1.33\snakeyaml-1.33.jar;C:\Users\Sadati\.m2\repository\log4j\log4j\1.2.17\log4j-1.2.17.jar;"/>
    <property name="java.vm.vendor" value="Oracle Corporation"/>
    <property name="sun.arch.data.model" value="64"/>
    <property name="user.variant" value=""/>
    <property name="java.vendor.url" value="https://openjdk.java.net/"/>
    <property name="user.timezone" value="America/Los_Angeles"/>
    <property name="java.vm.specification.version" value="11"/>
    <property name="os.name" value="Windows 11"/>
    <property name="sun.java.launcher" value="SUN_STANDARD"/>
    <property name="user.country" value="US"/>
    <property name="sun.boot.library.path" value="C:\Program Files\Java\jdk-11.0.16.1\bin"/>
    <property name="sun.java.command" value="C:\Users\Sadati\AppData\Local\Temp\surefire17365457717950987508\surefirebooter-20230328230446396_3.jar C:\Users\Sadati\AppData\Local\Temp\surefire17365457717950987508 2023-03-28T23-04-45_855-jvmRun1 surefire-20230328230446396_1tmp surefire_0-20230328230446396_2tmp"/>
    <property name="jdk.debug" value="release"/>
    <property name="surefire.test.class.path" value="C:\Users\Sadati\eclipse-workspace\TekCapstone\target\test-classes;C:\Users\Sadati\eclipse-workspace\TekCapstone\target\classes;C:\Users\Sadati\.m2\repository\io\cucumber\cucumber-java\7.8.0\cucumber-java-7.8.0.jar;C:\Users\Sadati\.m2\repository\io\cucumber\cucumber-core\7.8.0\cucumber-core-7.8.0.jar;C:\Users\Sadati\.m2\repository\io\cucumber\cucumber-gherkin\7.8.0\cucumber-gherkin-7.8.0.jar;C:\Users\Sadati\.m2\repository\io\cucumber\cucumber-gherkin-messages\7.8.0\cucumber-gherkin-messages-7.8.0.jar;C:\Users\Sadati\.m2\repository\io\cucumber\gherkin\24.0.0\gherkin-24.0.0.jar;C:\Users\Sadati\.m2\repository\io\cucumber\messages\19.1.2\messages-19.1.2.jar;C:\Users\Sadati\.m2\repository\io\cucumber\tag-expressions\4.1.0\tag-expressions-4.1.0.jar;C:\Users\Sadati\.m2\repository\io\cucumber\cucumber-expressions\16.0.0\cucumber-expressions-16.0.0.jar;C:\Users\Sadati\.m2\repository\io\cucumber\datatable\7.8.0\datatable-7.8.0.jar;C:\Users\Sadati\.m2\repository\io\cucumber\cucumber-plugin\7.8.0\cucumber-plugin-7.8.0.jar;C:\Users\Sadati\.m2\repository\io\cucumber\docstring\7.8.0\docstring-7.8.0.jar;C:\Users\Sadati\.m2\repository\io\cucumber\html-formatter\20.1.0\html-formatter-20.1.0.jar;C:\Users\Sadati\.m2\repository\io\cucumber\ci-environment\9.1.0\ci-environment-9.1.0.jar;C:\Users\Sadati\.m2\repository\org\apiguardian\apiguardian-api\1.1.2\apiguardian-api-1.1.2.jar;C:\Users\Sadati\.m2\repository\io\cucumber\cucumber-junit\7.8.0\cucumber-junit-7.8.0.jar;C:\Users\Sadati\.m2\repository\junit\junit\4.13.2\junit-4.13.2.jar;C:\Users\Sadati\.m2\repository\org\hamcrest\hamcrest-core\1.3\hamcrest-core-1.3.jar;C:\Users\Sadati\.m2\repository\org\seleniumhq\selenium\selenium-java\4.4.0\selenium-java-4.4.0.jar;C:\Users\Sadati\.m2\repository\org\seleniumhq\selenium\selenium-api\4.4.0\selenium-api-4.4.0.jar;C:\Users\Sadati\.m2\repository\org\seleniumhq\selenium\selenium-chrome-driver\4.4.0\selenium-chrome-driver-4.4.0.jar;C:\Users\Sadati\.m2\repository\com\google\auto\service\auto-service-annotations\1.0.1\auto-service-annotations-1.0.1.jar;C:\Users\Sadati\.m2\repository\com\google\auto\service\auto-service\1.0.1\auto-service-1.0.1.jar;C:\Users\Sadati\.m2\repository\com\google\auto\auto-common\1.2\auto-common-1.2.jar;C:\Users\Sadati\.m2\repository\com\google\guava\guava\31.1-jre\guava-31.1-jre.jar;C:\Users\Sadati\.m2\repository\com\google\guava\failureaccess\1.0.1\failureaccess-1.0.1.jar;C:\Users\Sadati\.m2\repository\com\google\guava\listenablefuture\9999.0-empty-to-avoid-conflict-with-guava\listenablefuture-9999.0-empty-to-avoid-conflict-with-guava.jar;C:\Users\Sadati\.m2\repository\com\google\code\findbugs\jsr305\3.0.2\jsr305-3.0.2.jar;C:\Users\Sadati\.m2\repository\org\checkerframework\checker-qual\3.12.0\checker-qual-3.12.0.jar;C:\Users\Sadati\.m2\repository\com\google\errorprone\error_prone_annotations\2.11.0\error_prone_annotations-2.11.0.jar;C:\Users\Sadati\.m2\repository\com\google\j2objc\j2objc-annotations\1.3\j2objc-annotations-1.3.jar;C:\Users\Sadati\.m2\repository\org\seleniumhq\selenium\selenium-chromium-driver\4.4.0\selenium-chromium-driver-4.4.0.jar;C:\Users\Sadati\.m2\repository\org\seleniumhq\selenium\selenium-json\4.4.0\selenium-json-4.4.0.jar;C:\Users\Sadati\.m2\repository\org\seleniumhq\selenium\selenium-devtools-v102\4.4.0\selenium-devtools-v102-4.4.0.jar;C:\Users\Sadati\.m2\repository\org\seleniumhq\selenium\selenium-devtools-v103\4.4.0\selenium-devtools-v103-4.4.0.jar;C:\Users\Sadati\.m2\repository\org\seleniumhq\selenium\selenium-devtools-v104\4.4.0\selenium-devtools-v104-4.4.0.jar;C:\Users\Sadati\.m2\repository\org\seleniumhq\selenium\selenium-devtools-v85\4.4.0\selenium-devtools-v85-4.4.0.jar;C:\Users\Sadati\.m2\repository\org\seleniumhq\selenium\selenium-edge-driver\4.4.0\selenium-edge-driver-4.4.0.jar;C:\Users\Sadati\.m2\repository\org\seleniumhq\selenium\selenium-firefox-driver\4.4.0\selenium-firefox-driver-4.4.0.jar;C:\Users\Sadati\.m2\repository\org\seleniumhq\selenium\selenium-ie-driver\4.4.0\selenium-ie-driver-4.4.0.jar;C:\Users\Sadati\.m2\repository\org\seleniumhq\selenium\selenium-opera-driver\4.4.0\selenium-opera-driver-4.4.0.jar;C:\Users\Sadati\.m2\repository\org\seleniumhq\selenium\selenium-remote-driver\4.4.0\selenium-remote-driver-4.4.0.jar;C:\Users\Sadati\.m2\repository\com\beust\jcommander\1.82\jcommander-1.82.jar;C:\Users\Sadati\.m2\repository\io\netty\netty-buffer\4.1.78.Final\netty-buffer-4.1.78.Final.jar;C:\Users\Sadati\.m2\repository\io\netty\netty-codec-http\4.1.78.Final\netty-codec-http-4.1.78.Final.jar;C:\Users\Sadati\.m2\repository\io\netty\netty-codec\4.1.78.Final\netty-codec-4.1.78.Final.jar;C:\Users\Sadati\.m2\repository\io\netty\netty-handler\4.1.78.Final\netty-handler-4.1.78.Final.jar;C:\Users\Sadati\.m2\repository\io\netty\netty-common\4.1.78.Final\netty-common-4.1.78.Final.jar;C:\Users\Sadati\.m2\repository\io\netty\netty-transport-classes-epoll\4.1.78.Final\netty-transport-classes-epoll-4.1.78.Final.jar;C:\Users\Sadati\.m2\repository\io\netty\netty-transport-classes-kqueue\4.1.78.Final\netty-transport-classes-kqueue-4.1.78.Final.jar;C:\Users\Sadati\.m2\repository\io\netty\netty-transport-native-epoll\4.1.78.Final\netty-transport-native-epoll-4.1.78.Final.jar;C:\Users\Sadati\.m2\repository\io\netty\netty-transport-native-kqueue\4.1.78.Final\netty-transport-native-kqueue-4.1.78.Final.jar;C:\Users\Sadati\.m2\repository\io\netty\netty-transport-native-unix-common\4.1.78.Final\netty-transport-native-unix-common-4.1.78.Final.jar;C:\Users\Sadati\.m2\repository\io\netty\netty-transport\4.1.78.Final\netty-transport-4.1.78.Final.jar;C:\Users\Sadati\.m2\repository\io\netty\netty-resolver\4.1.78.Final\netty-resolver-4.1.78.Final.jar;C:\Users\Sadati\.m2\repository\io\opentelemetry\opentelemetry-api\1.16.0\opentelemetry-api-1.16.0.jar;C:\Users\Sadati\.m2\repository\io\opentelemetry\opentelemetry-context\1.16.0\opentelemetry-context-1.16.0.jar;C:\Users\Sadati\.m2\repository\io\opentelemetry\opentelemetry-exporter-logging\1.16.0\opentelemetry-exporter-logging-1.16.0.jar;C:\Users\Sadati\.m2\repository\io\opentelemetry\opentelemetry-sdk-metrics\1.16.0\opentelemetry-sdk-metrics-1.16.0.jar;C:\Users\Sadati\.m2\repository\io\opentelemetry\opentelemetry-sdk-logs\1.16.0-alpha\opentelemetry-sdk-logs-1.16.0-alpha.jar;C:\Users\Sadati\.m2\repository\io\opentelemetry\opentelemetry-sdk-common\1.16.0\opentelemetry-sdk-common-1.16.0.jar;C:\Users\Sadati\.m2\repository\io\opentelemetry\opentelemetry-sdk-extension-autoconfigure-spi\1.16.0\opentelemetry-sdk-extension-autoconfigure-spi-1.16.0.jar;C:\Users\Sadati\.m2\repository\io\opentelemetry\opentelemetry-sdk-extension-autoconfigure\1.16.0-alpha\opentelemetry-sdk-extension-autoconfigure-1.16.0-alpha.jar;C:\Users\Sadati\.m2\repository\io\opentelemetry\opentelemetry-sdk-trace\1.16.0\opentelemetry-sdk-trace-1.16.0.jar;C:\Users\Sadati\.m2\repository\io\opentelemetry\opentelemetry-sdk\1.16.0\opentelemetry-sdk-1.16.0.jar;C:\Users\Sadati\.m2\repository\io\opentelemetry\opentelemetry-semconv\1.16.0-alpha\opentelemetry-semconv-1.16.0-alpha.jar;C:\Users\Sadati\.m2\repository\io\ous\jtoml\2.0.0\jtoml-2.0.0.jar;C:\Users\Sadati\.m2\repository\net\bytebuddy\byte-buddy\1.12.10\byte-buddy-1.12.10.jar;C:\Users\Sadati\.m2\repository\org\apache\commons\commons-exec\1.3\commons-exec-1.3.jar;C:\Users\Sadati\.m2\repository\org\asynchttpclient\async-http-client\2.12.3\async-http-client-2.12.3.jar;C:\Users\Sadati\.m2\repository\org\asynchttpclient\async-http-client-netty-utils\2.12.3\async-http-client-netty-utils-2.12.3.jar;C:\Users\Sadati\.m2\repository\io\netty\netty-codec-socks\4.1.60.Final\netty-codec-socks-4.1.60.Final.jar;C:\Users\Sadati\.m2\repository\io\netty\netty-handler-proxy\4.1.60.Final\netty-handler-proxy-4.1.60.Final.jar;C:\Users\Sadati\.m2\repository\io\netty\netty-transport-native-epoll\4.1.60.Final\netty-transport-native-epoll-4.1.60.Final-linux-x86_64.jar;C:\Users\Sadati\.m2\repository\io\netty\netty-transport-native-kqueue\4.1.60.Final\netty-transport-native-kqueue-4.1.60.Final-osx-x86_64.jar;C:\Users\Sadati\.m2\repository\org\reactivestreams\reactive-streams\1.0.3\reactive-streams-1.0.3.jar;C:\Users\Sadati\.m2\repository\com\typesafe\netty\netty-reactive-streams\2.0.4\netty-reactive-streams-2.0.4.jar;C:\Users\Sadati\.m2\repository\com\sun\activation\jakarta.activation\1.2.2\jakarta.activation-1.2.2.jar;C:\Users\Sadati\.m2\repository\org\seleniumhq\selenium\selenium-http\4.4.0\selenium-http-4.4.0.jar;C:\Users\Sadati\.m2\repository\dev\failsafe\failsafe\3.2.4\failsafe-3.2.4.jar;C:\Users\Sadati\.m2\repository\org\seleniumhq\selenium\selenium-safari-driver\4.4.0\selenium-safari-driver-4.4.0.jar;C:\Users\Sadati\.m2\repository\org\seleniumhq\selenium\selenium-support\4.4.0\selenium-support-4.4.0.jar;C:\Users\Sadati\.m2\repository\io\github\bonigarcia\webdrivermanager\5.3.0\webdrivermanager-5.3.0.jar;C:\Users\Sadati\.m2\repository\org\slf4j\slf4j-api\1.7.36\slf4j-api-1.7.36.jar;C:\Users\Sadati\.m2\repository\com\google\code\gson\gson\2.9.1\gson-2.9.1.jar;C:\Users\Sadati\.m2\repository\com\github\docker-java\docker-java\3.2.13\docker-java-3.2.13.jar;C:\Users\Sadati\.m2\repository\com\github\docker-java\docker-java-core\3.2.13\docker-java-core-3.2.13.jar;C:\Users\Sadati\.m2\repository\com\github\docker-java\docker-java-api\3.2.13\docker-java-api-3.2.13.jar;C:\Users\Sadati\.m2\repository\com\fasterxml\jackson\core\jackson-annotations\2.10.3\jackson-annotations-2.10.3.jar;C:\Users\Sadati\.m2\repository\com\fasterxml\jackson\core\jackson-databind\2.10.3\jackson-databind-2.10.3.jar;C:\Users\Sadati\.m2\repository\com\fasterxml\jackson\core\jackson-core\2.10.3\jackson-core-2.10.3.jar;C:\Users\Sadati\.m2\repository\org\bouncycastle\bcpkix-jdk15on\1.64\bcpkix-jdk15on-1.64.jar;C:\Users\Sadati\.m2\repository\org\bouncycastle\bcprov-jdk15on\1.64\bcprov-jdk15on-1.64.jar;C:\Users\Sadati\.m2\repository\org\slf4j\jcl-over-slf4j\1.7.30\jcl-over-slf4j-1.7.30.jar;C:\Users\Sadati\.m2\repository\com\github\docker-java\docker-java-transport-httpclient5\3.2.13\docker-java-transport-httpclient5-3.2.13.jar;C:\Users\Sadati\.m2\repository\com\github\docker-java\docker-java-transport\3.2.13\docker-java-transport-3.2.13.jar;C:\Users\Sadati\.m2\repository\net\java\dev\jna\jna\5.8.0\jna-5.8.0.jar;C:\Users\Sadati\.m2\repository\org\brotli\dec\0.1.2\dec-0.1.2.jar;C:\Users\Sadati\.m2\repository\org\apache\commons\commons-lang3\3.12.0\commons-lang3-3.12.0.jar;C:\Users\Sadati\.m2\repository\org\apache\httpcomponents\client5\httpclient5\5.1.3\httpclient5-5.1.3.jar;C:\Users\Sadati\.m2\repository\org\apache\httpcomponents\core5\httpcore5\5.1.3\httpcore5-5.1.3.jar;C:\Users\Sadati\.m2\repository\org\apache\httpcomponents\core5\httpcore5-h2\5.1.3\httpcore5-h2-5.1.3.jar;C:\Users\Sadati\.m2\repository\org\apache\poi\poi\5.2.3\poi-5.2.3.jar;C:\Users\Sadati\.m2\repository\commons-codec\commons-codec\1.15\commons-codec-1.15.jar;C:\Users\Sadati\.m2\repository\org\apache\commons\commons-collections4\4.4\commons-collections4-4.4.jar;C:\Users\Sadati\.m2\repository\org\apache\commons\commons-math3\3.6.1\commons-math3-3.6.1.jar;C:\Users\Sadati\.m2\repository\com\zaxxer\SparseBitSet\1.2\SparseBitSet-1.2.jar;C:\Users\Sadati\.m2\repository\org\apache\logging\log4j\log4j-api\2.18.0\log4j-api-2.18.0.jar;C:\Users\Sadati\.m2\repository\org\apache\poi\poi-ooxml\5.2.3\poi-ooxml-5.2.3.jar;C:\Users\Sadati\.m2\repository\org\apache\poi\poi-ooxml-lite\5.2.3\poi-ooxml-lite-5.2.3.jar;C:\Users\Sadati\.m2\repository\org\apache\xmlbeans\xmlbeans\5.1.1\xmlbeans-5.1.1.jar;C:\Users\Sadati\.m2\repository\org\apache\commons\commons-compress\1.21\commons-compress-1.21.jar;C:\Users\Sadati\.m2\repository\com\github\virtuald\curvesapi\1.07\curvesapi-1.07.jar;C:\Users\Sadati\.m2\repository\mysql\mysql-connector-java\8.0.30\mysql-connector-java-8.0.30.jar;C:\Users\Sadati\.m2\repository\com\google\protobuf\protobuf-java\3.19.4\protobuf-java-3.19.4.jar;C:\Users\Sadati\.m2\repository\commons-io\commons-io\2.11.0\commons-io-2.11.0.jar;C:\Users\Sadati\.m2\repository\org\yaml\snakeyaml\1.33\snakeyaml-1.33.jar;C:\Users\Sadati\.m2\repository\log4j\log4j\1.2.17\log4j-1.2.17.jar;"/>
    <property name="sun.cpu.endian" value="little"/>
    <property name="user.home" value="C:\Users\Sadati"/>
    <property name="user.language" value="en"/>
    <property name="java.specification.vendor" value="Oracle Corporation"/>
    <property name="java.version.date" value="2022-08-18"/>
    <property name="java.home" value="C:\Program Files\Java\jdk-11.0.16.1"/>
    <property name="file.separator" value="\"/>
    <property name="style.color" value="always"/>
    <property name="basedir" value="C:\Users\Sadati\eclipse-workspace\TekCapstone"/>
    <property name="java.vm.compressedOopsMode" value="Zero based"/>
    <property name="line.separator" value="&#10;"/>
    <property name="java.specification.name" value="Java Platform API Specification"/>
    <property name="java.vm.specification.vendor" value="Oracle Corporation"/>
    <property name="java.awt.graphicsenv" value="sun.awt.Win32GraphicsEnvironment"/>
    <property name="surefire.real.class.path" value="C:\Users\Sadati\AppData\Local\Temp\surefire17365457717950987508\surefirebooter-20230328230446396_3.jar"/>
    <property name="user.script" value=""/>
    <property name="sun.management.compiler" value="HotSpot 64-Bit Tiered Compilers"/>
    <property name="java.runtime.version" value="11.0.16.1+1-LTS-1"/>
    <property name="user.name" value="Sadati"/>
    <property name="path.separator" value=";"/>
    <property name="os.version" value="10.0"/>
    <property name="java.runtime.name" value="Java(TM) SE Runtime Environment"/>
    <property name="file.encoding" value="Cp1252"/>
    <property name="java.vm.name" value="Java HotSpot(TM) 64-Bit Server VM"/>
    <property name="java.vendor.version" value="18.9"/>
    <property name="localRepository" value="C:\Users\Sadati\.m2\repository"/>
    <property name="java.vendor.url.bug" value="https://bugreport.java.com/bugreport/"/>
    <property name="java.io.tmpdir" value="C:\Users\Sadati\AppData\Local\Temp\"/>
    <property name="java.version" value="11.0.16.1"/>
    <property name="user.dir" value="C:\Users\Sadati\eclipse-workspace\TekCapstone"/>
    <property name="os.arch" value="amd64"/>
    <property name="java.vm.specification.name" value="Java Virtual Machine Specification"/>
    <property name="java.awt.printerjob" value="sun.awt.windows.WPrinterJob"/>
    <property name="sun.os.patch.level" value=""/>
    <property name="java.library.path" value="C:\Program Files\Java\jdk-11.0.16.1\bin;C:\WINDOWS\Sun\Java\bin;C:\WINDOWS\system32;C:\WINDOWS;C:/Users/Sadati/.p2/pool/plugins/org.eclipse.justj.openjdk.hotspot.jre.full.win32.x86_64_17.0.5.v20221102-0933/jre/bin/server;C:/Users/Sadati/.p2/pool/plugins/org.eclipse.justj.openjdk.hotspot.jre.full.win32.x86_64_17.0.5.v20221102-0933/jre/bin;C:\Program Files\Common Files\Oracle\Java\javapath;C:\WINDOWS\system32;C:\WINDOWS;C:\WINDOWS\System32\Wbem;C:\WINDOWS\System32\WindowsPowerShell\v1.0\;C:\WINDOWS\System32\OpenSSH\;C:\Users\Sadati\AppData\Local\Microsoft\WindowsApps;C:\Users\Sadati\Desktop\IntiliJ IDEA\IntelliJ IDEA Community Edition 2022.3.2\bin;;C:\Users\Sadati\AppData\Local\Programs\Git\cmd;;C:\Users\Sadati\Desktop;;."/>
    <property name="java.vendor" value="Oracle Corporation"/>
    <property name="java.vm.info" value="mixed mode"/>
    <property name="java.vm.version" value="11.0.16.1+1-LTS-1"/>
    <property name="sun.io.unicode.encoding" value="UnicodeLittle"/>
    <property name="java.class.version" value="55.0"/>
  </properties>
  <testcase name="Verify Shop by Department sidebar" classname="Retail Home Page" time="6.898">
    <system-out><![CDATA[
@TCHome1 @RegrationHomePage @RegrationCapston
Scenario: Verify Shop by Department sidebar                    # features/HomePage.feature:4
{browser=chrome, headless=true, url=https://tek-retail-ui.azurewebsites.net/}
  Given User is on retail website                              # tek.sdet.framework.steps.SignInSteps.userIsOnRetailWebsite()
 INFO [main] (HomeSteps.java:31)- User click on All section
  When User click on All section                               # tek.sdet.framework.steps.HomeSteps.userClickOnAllSecction()
  Then below options are present in Shop by Department sidebar # tek.sdet.framework.steps.HomeSteps.belowOptionsArePresentInShopByDepartmentSidebar(io.cucumber.datatable.DataTable)
    | Electronics | Computers | Smart Home | Sports | Automative |
]]></system-out>
    <system-err><![CDATA[SLF4J: Failed to load class "org.slf4j.impl.StaticLoggerBinder".
SLF4J: Defaulting to no-operation (NOP) logger implementation
SLF4J: See http://www.slf4j.org/codes.html#StaticLoggerBinder for further details.
ERROR StatusLogger Log4j2 could not find a logging implementation. Please add log4j-core to the classpath. Using SimpleLogger to log to the console...
Starting ChromeDriver 111.0.5563.64 (c710e93d5b63b7095afe8c2c17df34408078439d-refs/branch-heads/5563@{#995}) on port 56445
Only local connections are allowed.
Please see https://chromedriver.chromium.org/security-considerations for suggestions on keeping ChromeDriver safe.
ChromeDriver was started successfully.
Mar 28, 2023 11:04:49 PM org.openqa.selenium.remote.ProtocolHandshake createSession
INFO: Detected upstream dialect: W3C
Mar 28, 2023 11:04:49 PM org.openqa.selenium.devtools.CdpVersionFinder findNearestMatch
WARNING: Unable to find an exact match for CDP version 111, so returning the closest version found: a no-op implementation
Mar 28, 2023 11:04:49 PM org.openqa.selenium.devtools.CdpVersionFinder findNearestMatch
INFO: Unable to find CDP implementation matching 111.
Mar 28, 2023 11:04:49 PM org.openqa.selenium.chromium.ChromiumDriver lambda$new$3
WARNING: Unable to find version of CDP to use for . You may need to include a dependency on a specific version of the CDP using something similar to `org.seleniumhq.selenium:selenium-devtools-v86:4.4.0` where the version ("v86") matches the version of the chromium-based browser you're using and the version number of the artifact is the same as Selenium's.
]]></system-err>
  </testcase>
  <testcase name="Verify department sidebar options #1" classname="Retail Home Page" time="4.069">
    <system-out><![CDATA[
@TCHome2 @RegrationHomePage @RegrationCapston
Scenario Outline: Verify department sidebar options # features/HomePage.feature:20
{browser=chrome, headless=true, url=https://tek-retail-ui.azurewebsites.net/}
  Given User is on retail website                   # tek.sdet.framework.steps.SignInSteps.userIsOnRetailWebsite()
 INFO [main] (HomeSteps.java:31)- User click on All section
  When User click on All section                    # tek.sdet.framework.steps.HomeSteps.userClickOnAllSecction()
 INFO [main] (HomeSteps.java:63)- User click on each department
  And User on 'Electronics'                         # tek.sdet.framework.steps.HomeSteps.userOnDepartment(java.lang.String)
 INFO [main] (HomeSteps.java:79)- below options are present in department
  Then below options are present in department      # tek.sdet.framework.steps.HomeSteps.belowOptionsArePresentInDepartment(io.cucumber.datatable.DataTable)
    | 'TV & Video' | Video Games |
]]></system-out>
    <system-err><![CDATA[Starting ChromeDriver 111.0.5563.64 (c710e93d5b63b7095afe8c2c17df34408078439d-refs/branch-heads/5563@{#995}) on port 62446
Only local connections are allowed.
Please see https://chromedriver.chromium.org/security-considerations for suggestions on keeping ChromeDriver safe.
ChromeDriver was started successfully.
Mar 28, 2023 11:04:55 PM org.openqa.selenium.remote.ProtocolHandshake createSession
INFO: Detected upstream dialect: W3C
Mar 28, 2023 11:04:55 PM org.openqa.selenium.devtools.CdpVersionFinder findNearestMatch
WARNING: Unable to find an exact match for CDP version 111, so returning the closest version found: a no-op implementation
Mar 28, 2023 11:04:55 PM org.openqa.selenium.devtools.CdpVersionFinder findNearestMatch
INFO: Unable to find CDP implementation matching 111.
Mar 28, 2023 11:04:55 PM org.openqa.selenium.chromium.ChromiumDriver lambda$new$3
WARNING: Unable to find version of CDP to use for . You may need to include a dependency on a specific version of the CDP using something similar to `org.seleniumhq.selenium:selenium-devtools-v86:4.4.0` where the version ("v86") matches the version of the chromium-based browser you're using and the version number of the artifact is the same as Selenium's.
]]></system-err>
  </testcase>
  <testcase name="Verify department sidebar options #2" classname="Retail Home Page" time="3.997">
    <system-out><![CDATA[
@TCHome2 @RegrationHomePage @RegrationCapston
Scenario Outline: Verify department sidebar options # features/HomePage.feature:21
{browser=chrome, headless=true, url=https://tek-retail-ui.azurewebsites.net/}
  Given User is on retail website                   # tek.sdet.framework.steps.SignInSteps.userIsOnRetailWebsite()
 INFO [main] (HomeSteps.java:31)- User click on All section
  When User click on All section                    # tek.sdet.framework.steps.HomeSteps.userClickOnAllSecction()
 INFO [main] (HomeSteps.java:63)- User click on each department
  And User on 'Computers'                           # tek.sdet.framework.steps.HomeSteps.userOnDepartment(java.lang.String)
 INFO [main] (HomeSteps.java:79)- below options are present in department
 INFO [main] (HomeSteps.java:79)- below options are present in department
  Then below options are present in department      # tek.sdet.framework.steps.HomeSteps.belowOptionsArePresentInDepartment(io.cucumber.datatable.DataTable)
    | Accessories | Networking |
]]></system-out>
    <system-err><![CDATA[Starting ChromeDriver 111.0.5563.64 (c710e93d5b63b7095afe8c2c17df34408078439d-refs/branch-heads/5563@{#995}) on port 62025
Only local connections are allowed.
Please see https://chromedriver.chromium.org/security-considerations for suggestions on keeping ChromeDriver safe.
ChromeDriver was started successfully.
Mar 28, 2023 11:04:59 PM org.openqa.selenium.remote.ProtocolHandshake createSession
INFO: Detected upstream dialect: W3C
Mar 28, 2023 11:04:59 PM org.openqa.selenium.devtools.CdpVersionFinder findNearestMatch
WARNING: Unable to find an exact match for CDP version 111, so returning the closest version found: a no-op implementation
Mar 28, 2023 11:04:59 PM org.openqa.selenium.devtools.CdpVersionFinder findNearestMatch
INFO: Unable to find CDP implementation matching 111.
Mar 28, 2023 11:04:59 PM org.openqa.selenium.chromium.ChromiumDriver lambda$new$3
WARNING: Unable to find version of CDP to use for . You may need to include a dependency on a specific version of the CDP using something similar to `org.seleniumhq.selenium:selenium-devtools-v86:4.4.0` where the version ("v86") matches the version of the chromium-based browser you're using and the version number of the artifact is the same as Selenium's.
]]></system-err>
  </testcase>
  <testcase name="Verify department sidebar options #3" classname="Retail Home Page" time="2.8">
    <system-out><![CDATA[
@TCHome2 @RegrationHomePage @RegrationCapston
Scenario Outline: Verify department sidebar options # features/HomePage.feature:22
{browser=chrome, headless=true, url=https://tek-retail-ui.azurewebsites.net/}
  Given User is on retail website                   # tek.sdet.framework.steps.SignInSteps.userIsOnRetailWebsite()
 INFO [main] (HomeSteps.java:31)- User click on All section
  When User click on All section                    # tek.sdet.framework.steps.HomeSteps.userClickOnAllSecction()
 INFO [main] (HomeSteps.java:63)- User click on each department
  And User on 'Smart Home'                          # tek.sdet.framework.steps.HomeSteps.userOnDepartment(java.lang.String)
 INFO [main] (HomeSteps.java:79)- below options are present in department
 INFO [main] (HomeSteps.java:79)- below options are present in department
  Then below options are present in department      # tek.sdet.framework.steps.HomeSteps.belowOptionsArePresentInDepartment(io.cucumber.datatable.DataTable)
    | Smart Home Lightning | Plugs and Outlets |
]]></system-out>
    <system-err><![CDATA[Starting ChromeDriver 111.0.5563.64 (c710e93d5b63b7095afe8c2c17df34408078439d-refs/branch-heads/5563@{#995}) on port 58953
Only local connections are allowed.
Please see https://chromedriver.chromium.org/security-considerations for suggestions on keeping ChromeDriver safe.
ChromeDriver was started successfully.
Mar 28, 2023 11:05:03 PM org.openqa.selenium.remote.ProtocolHandshake createSession
INFO: Detected upstream dialect: W3C
Mar 28, 2023 11:05:03 PM org.openqa.selenium.devtools.CdpVersionFinder findNearestMatch
WARNING: Unable to find an exact match for CDP version 111, so returning the closest version found: a no-op implementation
Mar 28, 2023 11:05:03 PM org.openqa.selenium.devtools.CdpVersionFinder findNearestMatch
INFO: Unable to find CDP implementation matching 111.
Mar 28, 2023 11:05:03 PM org.openqa.selenium.chromium.ChromiumDriver lambda$new$3
WARNING: Unable to find version of CDP to use for . You may need to include a dependency on a specific version of the CDP using something similar to `org.seleniumhq.selenium:selenium-devtools-v86:4.4.0` where the version ("v86") matches the version of the chromium-based browser you're using and the version number of the artifact is the same as Selenium's.
]]></system-err>
  </testcase>
  <testcase name="Verify department sidebar options #4" classname="Retail Home Page" time="2.697">
    <system-out><![CDATA[
@TCHome2 @RegrationHomePage @RegrationCapston
Scenario Outline: Verify department sidebar options # features/HomePage.feature:23
{browser=chrome, headless=true, url=https://tek-retail-ui.azurewebsites.net/}
  Given User is on retail website                   # tek.sdet.framework.steps.SignInSteps.userIsOnRetailWebsite()
 INFO [main] (HomeSteps.java:31)- User click on All section
  When User click on All section                    # tek.sdet.framework.steps.HomeSteps.userClickOnAllSecction()
 INFO [main] (HomeSteps.java:63)- User click on each department
  And User on 'Sports'                              # tek.sdet.framework.steps.HomeSteps.userOnDepartment(java.lang.String)
 INFO [main] (HomeSteps.java:79)- below options are present in department
 INFO [main] (HomeSteps.java:79)- below options are present in department
  Then below options are present in department      # tek.sdet.framework.steps.HomeSteps.belowOptionsArePresentInDepartment(io.cucumber.datatable.DataTable)
    | Athletic Clothing | Exercise & Fitness |
]]></system-out>
    <system-err><![CDATA[Starting ChromeDriver 111.0.5563.64 (c710e93d5b63b7095afe8c2c17df34408078439d-refs/branch-heads/5563@{#995}) on port 53023
Only local connections are allowed.
Please see https://chromedriver.chromium.org/security-considerations for suggestions on keeping ChromeDriver safe.
ChromeDriver was started successfully.
Mar 28, 2023 11:05:06 PM org.openqa.selenium.remote.ProtocolHandshake createSession
INFO: Detected upstream dialect: W3C
Mar 28, 2023 11:05:06 PM org.openqa.selenium.devtools.CdpVersionFinder findNearestMatch
WARNING: Unable to find an exact match for CDP version 111, so returning the closest version found: a no-op implementation
Mar 28, 2023 11:05:06 PM org.openqa.selenium.devtools.CdpVersionFinder findNearestMatch
INFO: Unable to find CDP implementation matching 111.
Mar 28, 2023 11:05:06 PM org.openqa.selenium.chromium.ChromiumDriver lambda$new$3
WARNING: Unable to find version of CDP to use for . You may need to include a dependency on a specific version of the CDP using something similar to `org.seleniumhq.selenium:selenium-devtools-v86:4.4.0` where the version ("v86") matches the version of the chromium-based browser you're using and the version number of the artifact is the same as Selenium's.
]]></system-err>
  </testcase>
  <testcase name="Verify department sidebar options #5" classname="Retail Home Page" time="2.813">
    <system-out><![CDATA[
@TCHome2 @RegrationHomePage @RegrationCapston
Scenario Outline: Verify department sidebar options # features/HomePage.feature:24
{browser=chrome, headless=true, url=https://tek-retail-ui.azurewebsites.net/}
  Given User is on retail website                   # tek.sdet.framework.steps.SignInSteps.userIsOnRetailWebsite()
 INFO [main] (HomeSteps.java:31)- User click on All section
  When User click on All section                    # tek.sdet.framework.steps.HomeSteps.userClickOnAllSecction()
 INFO [main] (HomeSteps.java:63)- User click on each department
  And User on 'Automotive'                          # tek.sdet.framework.steps.HomeSteps.userOnDepartment(java.lang.String)
  Then below options are present in department      # tek.sdet.framework.steps.HomeSteps.belowOptionsArePresentInDepartment(io.cucumber.datatable.DataTable)
    | Automative Parts & Accessories | MotorCycle & Powersports |
]]></system-out>
    <system-err><![CDATA[Starting ChromeDriver 111.0.5563.64 (c710e93d5b63b7095afe8c2c17df34408078439d-refs/branch-heads/5563@{#995}) on port 60685
Only local connections are allowed.
Please see https://chromedriver.chromium.org/security-considerations for suggestions on keeping ChromeDriver safe.
ChromeDriver was started successfully.
Mar 28, 2023 11:05:08 PM org.openqa.selenium.remote.ProtocolHandshake createSession
INFO: Detected upstream dialect: W3C
Mar 28, 2023 11:05:08 PM org.openqa.selenium.devtools.CdpVersionFinder findNearestMatch
WARNING: Unable to find an exact match for CDP version 111, so returning the closest version found: a no-op implementation
Mar 28, 2023 11:05:08 PM org.openqa.selenium.devtools.CdpVersionFinder findNearestMatch
INFO: Unable to find CDP implementation matching 111.
Mar 28, 2023 11:05:08 PM org.openqa.selenium.chromium.ChromiumDriver lambda$new$3
WARNING: Unable to find version of CDP to use for . You may need to include a dependency on a specific version of the CDP using something similar to `org.seleniumhq.selenium:selenium-devtools-v86:4.4.0` where the version ("v86") matches the version of the chromium-based browser you're using and the version number of the artifact is the same as Selenium's.
]]></system-err>
  </testcase>
  <testcase name="Verify User can add an item to cart" classname="Retail Home Page" time="5.851">
    <system-out><![CDATA[
@TCHome3 @RegrationHomePage @RegrationCapston
Scenario: Verify User can add an item to cart                            # features/HomePage.feature:27
{browser=chrome, headless=true, url=https://tek-retail-ui.azurewebsites.net/}
  Given User is on retail website                                        # tek.sdet.framework.steps.SignInSteps.userIsOnRetailWebsite()
 INFO [main] (SignInSteps.java:36)- User Signed In
  When User click on Sign in option                                      # tek.sdet.framework.steps.SignInSteps.UserClickOnSignInOption()
 INFO [main] (SignInSteps.java:44)- User enter email and Password
  And User enter email 'hoshmande@tekschool.us' and password 'Tek@12345' # tek.sdet.framework.steps.SignInSteps.UserEnterEmailAndPassword(java.lang.String,java.lang.String)
 INFO [main] (SignInSteps.java:51)- User log In into Accoutn
  And User click on login button                                         # tek.sdet.framework.steps.SignInSteps.UserClickOnLoginButton()
 INFO [main] (SignInSteps.java:58)- User confimed on account page
  And User should be logged in into Account                              # tek.sdet.framework.steps.SignInSteps.UserShouldBeLoggedInIntoAccount()
 INFO [main] (HomeSteps.java:92)- User Change the Category to Department
  And User change the category to 'Smart Home'                           # tek.sdet.framework.steps.HomeSteps.userChangeTheCategoryToSmartHome(java.lang.String)
 INFO [main] (HomeSteps.java:100)- User search for an item
  And User search for an item 'kasa outdoor smart plug'                  # tek.sdet.framework.steps.HomeSteps.userSearchForAnItemKasaoutDoorSmartPlug(java.lang.String)
  And User click on Search icon                                          # tek.sdet.framework.steps.HomeSteps.userClickonSearchIcon()
 INFO [main] (HomeSteps.java:113)- User click on item
  And User click on item                                                 # tek.sdet.framework.steps.HomeSteps.userClickOnItem()
 INFO [main] (HomeSteps.java:120)- user select the quantity 
  And User select quantity '2'                                           # tek.sdet.framework.steps.HomeSteps.userSelectQuantity(java.lang.String)
 INFO [main] (HomeSteps.java:127)- user click add to cart buttton 
  And User click add to Cart button                                      # tek.sdet.framework.steps.HomeSteps.userClickToCartButton()
  Then the cart icon quantity should change to '2'                       # tek.sdet.framework.steps.HomeSteps.theCartIconQuantityShouldChangeTo(java.lang.String)
]]></system-out>
    <system-err><![CDATA[Starting ChromeDriver 111.0.5563.64 (c710e93d5b63b7095afe8c2c17df34408078439d-refs/branch-heads/5563@{#995}) on port 50939
Only local connections are allowed.
Please see https://chromedriver.chromium.org/security-considerations for suggestions on keeping ChromeDriver safe.
ChromeDriver was started successfully.
Mar 28, 2023 11:05:11 PM org.openqa.selenium.remote.ProtocolHandshake createSession
INFO: Detected upstream dialect: W3C
Mar 28, 2023 11:05:11 PM org.openqa.selenium.devtools.CdpVersionFinder findNearestMatch
WARNING: Unable to find an exact match for CDP version 111, so returning the closest version found: a no-op implementation
Mar 28, 2023 11:05:11 PM org.openqa.selenium.devtools.CdpVersionFinder findNearestMatch
INFO: Unable to find CDP implementation matching 111.
Mar 28, 2023 11:05:11 PM org.openqa.selenium.chromium.ChromiumDriver lambda$new$3
WARNING: Unable to find version of CDP to use for . You may need to include a dependency on a specific version of the CDP using something similar to `org.seleniumhq.selenium:selenium-devtools-v86:4.4.0` where the version ("v86") matches the version of the chromium-based browser you're using and the version number of the artifact is the same as Selenium's.
]]></system-err>
  </testcase>
  <testcase name="Verify User can place an order without Shipping address and payment Method on file" classname="Retail Home Page" time="10.213">
    <system-out><![CDATA[
@TCHome4 @RegrationHomePage @RegrationCapston
Scenario: Verify User can place an order without Shipping address and payment Method on file # features/HomePage.feature:42
{browser=chrome, headless=true, url=https://tek-retail-ui.azurewebsites.net/}
  Given User is on retail website                                                            # tek.sdet.framework.steps.SignInSteps.userIsOnRetailWebsite()
 INFO [main] (SignInSteps.java:36)- User Signed In
  When User click on Sign in option                                                          # tek.sdet.framework.steps.SignInSteps.UserClickOnSignInOption()
 INFO [main] (SignInSteps.java:44)- User enter email and Password
  And User enter email 'hoshmande@tekschool.us' and password 'Tek@12345'                     # tek.sdet.framework.steps.SignInSteps.UserEnterEmailAndPassword(java.lang.String,java.lang.String)
 INFO [main] (SignInSteps.java:51)- User log In into Accoutn
  And User click on login button                                                             # tek.sdet.framework.steps.SignInSteps.UserClickOnLoginButton()
 INFO [main] (SignInSteps.java:58)- User confimed on account page
  And User should be logged in into Account                                                  # tek.sdet.framework.steps.SignInSteps.UserShouldBeLoggedInIntoAccount()
 INFO [main] (HomeSteps.java:92)- User Change the Category to Department
  And User change the category to 'Smart Home'                                               # tek.sdet.framework.steps.HomeSteps.userChangeTheCategoryToSmartHome(java.lang.String)
 INFO [main] (HomeSteps.java:100)- User search for an item
  And User search for an item 'kasa outdoor smart plug'                                      # tek.sdet.framework.steps.HomeSteps.userSearchForAnItemKasaoutDoorSmartPlug(java.lang.String)
  And User click on Search icon                                                              # tek.sdet.framework.steps.HomeSteps.userClickonSearchIcon()
 INFO [main] (HomeSteps.java:113)- User click on item
  And User click on item                                                                     # tek.sdet.framework.steps.HomeSteps.userClickOnItem()
 INFO [main] (HomeSteps.java:120)- user select the quantity 
  And User select quantity '2'                                                               # tek.sdet.framework.steps.HomeSteps.userSelectQuantity(java.lang.String)
 INFO [main] (HomeSteps.java:127)- user click add to cart buttton 
  And User click add to Cart button                                                          # tek.sdet.framework.steps.HomeSteps.userClickToCartButton()
  Then the cart icon quantity should change to '2'                                           # tek.sdet.framework.steps.HomeSteps.theCartIconQuantityShouldChangeTo(java.lang.String)
 INFO [main] (HomeSteps.java:151)- User click on Cart Option
  And User click on Cart option                                                              # tek.sdet.framework.steps.HomeSteps.userClickOnCartOption()
 INFO [main] (HomeSteps.java:158)- user click on proced to checkout button
  And User click on Proceed to Checkout button                                               # tek.sdet.framework.steps.HomeSteps.userClickOnProceedToCheckoutButton()
 INFO [main] (HomeSteps.java:165)- user click add a new address link for shipping address
  And User click Add a new address link for shipping address                                 # tek.sdet.framework.steps.HomeSteps.userClickAddANewAddressLinkForShippingAddress()
 INFO [main] (HomeSteps.java:193)- user fill new address form with below informations
  And User fill new address form with below information                                      # tek.sdet.framework.steps.HomeSteps.userFillNewAddressFormWithBelowInformation(io.cucumber.datatable.DataTable)
    | country       | fullName      | phoneNumber | streetAddress    | apt | city       | state      | zipCode |
    | United States | Jamrs William | 8763299876  | 4556 Cottage Way | H   | Sacramento | California | 87654   |
 INFO [main] (AccountSteps.java:265)- 
  And User click Add Your Address button                                                     # tek.sdet.framework.steps.AccountSteps.userClickAddYourAddressButton()
 INFO [main] (HomeSteps.java:203)- user click add a credit card or debit card for payment method
  And User click Add a credit card or Debit Card for Payment method                          # tek.sdet.framework.steps.HomeSteps.userClickAddACreditCardOrDebitCardForPaymentMethod()
 INFO [main] (AccountSteps.java:114)- User put Debit or Credit Card Informations
  And User fill Debit or credit card information                                             # tek.sdet.framework.steps.AccountSteps.UserFillDebitOrCreditCardInformation(io.cucumber.datatable.DataTable)
    | cardNumber       | nameOnCard   | expirationMonth | expirationYear | securityCode |
    | 8129166701060990 | Quqqtus Jkan | 9               | 2026           | 728          |
 INFO [main] (AccountSteps.java:121)- User click on add your card button
  And User click on Add your card button                                                     # tek.sdet.framework.steps.AccountSteps.UserClickOnAddYourCardButton()
 INFO [main] (HomeSteps.java:213)- user click on place your order
  And User click on Place Your Order                                                         # tek.sdet.framework.steps.HomeSteps.userClickOnPlaceYourOrder()
 INFO [main] (HomeSteps.java:222)- message should displayed order placed Successfully
  Then a message should be displayed 'Order Placed Successfully'                             # tek.sdet.framework.steps.HomeSteps.aMessageShouldBeDisplayedOrderPlaced()
]]></system-out>
    <system-err><![CDATA[Starting ChromeDriver 111.0.5563.64 (c710e93d5b63b7095afe8c2c17df34408078439d-refs/branch-heads/5563@{#995}) on port 59255
Only local connections are allowed.
Please see https://chromedriver.chromium.org/security-considerations for suggestions on keeping ChromeDriver safe.
ChromeDriver was started successfully.
Mar 28, 2023 11:05:17 PM org.openqa.selenium.remote.ProtocolHandshake createSession
INFO: Detected upstream dialect: W3C
Mar 28, 2023 11:05:17 PM org.openqa.selenium.devtools.CdpVersionFinder findNearestMatch
WARNING: Unable to find an exact match for CDP version 111, so returning the closest version found: a no-op implementation
Mar 28, 2023 11:05:17 PM org.openqa.selenium.devtools.CdpVersionFinder findNearestMatch
INFO: Unable to find CDP implementation matching 111.
Mar 28, 2023 11:05:17 PM org.openqa.selenium.chromium.ChromiumDriver lambda$new$3
WARNING: Unable to find version of CDP to use for . You may need to include a dependency on a specific version of the CDP using something similar to `org.seleniumhq.selenium:selenium-devtools-v86:4.4.0` where the version ("v86") matches the version of the chromium-based browser you're using and the version number of the artifact is the same as Selenium's.
]]></system-err>
  </testcase>
  <testcase name="Verify User can place an order with Shipping address and payment Method on file" classname="Retail Home Page" time="8.252">
    <system-out><![CDATA[
@TCHome5 @RegrationHomePage @RegrationCapston
Scenario: Verify User can place an order with Shipping address and payment Method on file # features/HomePage.feature:71
{browser=chrome, headless=true, url=https://tek-retail-ui.azurewebsites.net/}
  Given User is on retail website                                                         # tek.sdet.framework.steps.SignInSteps.userIsOnRetailWebsite()
 INFO [main] (SignInSteps.java:36)- User Signed In
  When User click on Sign in option                                                       # tek.sdet.framework.steps.SignInSteps.UserClickOnSignInOption()
 INFO [main] (SignInSteps.java:44)- User enter email and Password
  And User enter email 'hoshmande@tekschool.us' and password 'Tek@12345'                  # tek.sdet.framework.steps.SignInSteps.UserEnterEmailAndPassword(java.lang.String,java.lang.String)
 INFO [main] (SignInSteps.java:51)- User log In into Accoutn
  And User click on login button                                                          # tek.sdet.framework.steps.SignInSteps.UserClickOnLoginButton()
 INFO [main] (SignInSteps.java:58)- User confimed on account page
  And User should be logged in into Account                                               # tek.sdet.framework.steps.SignInSteps.UserShouldBeLoggedInIntoAccount()
 INFO [main] (HomeSteps.java:92)- User Change the Category to Department
  And User change the category to 'Electronics'                                           # tek.sdet.framework.steps.HomeSteps.userChangeTheCategoryToSmartHome(java.lang.String)
 INFO [main] (HomeSteps.java:100)- User search for an item
  And User search for an item 'Apex Legends'                                              # tek.sdet.framework.steps.HomeSteps.userSearchForAnItemKasaoutDoorSmartPlug(java.lang.String)
  And User click on Search icon                                                           # tek.sdet.framework.steps.HomeSteps.userClickonSearchIcon()
 INFO [main] (HomeSteps.java:238)- User click on item
  And User click on items                                                                 # tek.sdet.framework.steps.HomeSteps.userClickOnItems()
 INFO [main] (HomeSteps.java:120)- user select the quantity 
  And User select quantity '5'                                                            # tek.sdet.framework.steps.HomeSteps.userSelectQuantity(java.lang.String)
 INFO [main] (HomeSteps.java:127)- user click add to cart buttton 
  And User click add to Cart button                                                       # tek.sdet.framework.steps.HomeSteps.userClickToCartButton()
  Then the cart icon quantity should change to '5'                                        # tek.sdet.framework.steps.HomeSteps.theCartIconQuantityShouldChangeTo(java.lang.String)
 INFO [main] (HomeSteps.java:151)- User click on Cart Option
  And User click on Cart option                                                           # tek.sdet.framework.steps.HomeSteps.userClickOnCartOption()
 INFO [main] (HomeSteps.java:158)- user click on proced to checkout button
  And User click on Proceed to Checkout button                                            # tek.sdet.framework.steps.HomeSteps.userClickOnProceedToCheckoutButton()
 INFO [main] (HomeSteps.java:213)- user click on place your order
  And User click on Place Your Order                                                      # tek.sdet.framework.steps.HomeSteps.userClickOnPlaceYourOrder()
 INFO [main] (HomeSteps.java:222)- message should displayed order placed Successfully
  Then a message should be displayed 'Order Placed Successfully'                          # tek.sdet.framework.steps.HomeSteps.aMessageShouldBeDisplayedOrderPlaced()
]]></system-out>
    <system-err><![CDATA[Starting ChromeDriver 111.0.5563.64 (c710e93d5b63b7095afe8c2c17df34408078439d-refs/branch-heads/5563@{#995}) on port 53656
Only local connections are allowed.
Please see https://chromedriver.chromium.org/security-considerations for suggestions on keeping ChromeDriver safe.
ChromeDriver was started successfully.
Mar 28, 2023 11:05:27 PM org.openqa.selenium.remote.ProtocolHandshake createSession
INFO: Detected upstream dialect: W3C
Mar 28, 2023 11:05:27 PM org.openqa.selenium.devtools.CdpVersionFinder findNearestMatch
WARNING: Unable to find an exact match for CDP version 111, so returning the closest version found: a no-op implementation
Mar 28, 2023 11:05:27 PM org.openqa.selenium.devtools.CdpVersionFinder findNearestMatch
INFO: Unable to find CDP implementation matching 111.
Mar 28, 2023 11:05:27 PM org.openqa.selenium.chromium.ChromiumDriver lambda$new$3
WARNING: Unable to find version of CDP to use for . You may need to include a dependency on a specific version of the CDP using something similar to `org.seleniumhq.selenium:selenium-devtools-v86:4.4.0` where the version ("v86") matches the version of the chromium-based browser you're using and the version number of the artifact is the same as Selenium's.
]]></system-err>
  </testcase>
  <testcase name="Verify User can cancel the order" classname="Retail Order Page" time="4.004">
    <system-out><![CDATA[
@orderPageScenario1 @RegrationOrderPage @RegrationCapston
Scenario: Verify User can cancel the order                                       # features/OrderPage.feature:4
{browser=chrome, headless=true, url=https://tek-retail-ui.azurewebsites.net/}
  Given User is on retail website                                                # tek.sdet.framework.steps.SignInSteps.userIsOnRetailWebsite()
 INFO [main] (SignInSteps.java:36)- User Signed In
  When User click on Sign in option                                              # tek.sdet.framework.steps.SignInSteps.UserClickOnSignInOption()
 INFO [main] (SignInSteps.java:44)- User enter email and Password
  And User enter email 'hoshmande@tekschool.us' and password 'Tek@12345'         # tek.sdet.framework.steps.SignInSteps.UserEnterEmailAndPassword(java.lang.String,java.lang.String)
 INFO [main] (SignInSteps.java:51)- User log In into Accoutn
  And User click on login button                                                 # tek.sdet.framework.steps.SignInSteps.UserClickOnLoginButton()
 INFO [main] (SignInSteps.java:58)- User confimed on account page
  And User should be logged in into Account                                      # tek.sdet.framework.steps.SignInSteps.UserShouldBeLoggedInIntoAccount()
 INFO [main] (OrderSteps.java:23)- user click on orders section
  And User click on Orders section                                               # tek.sdet.framework.steps.OrderSteps.userClickOnOrdersSection()
 INFO [main] (OrderSteps.java:30)- user click on first order in List
  And User click on first order in list                                          # tek.sdet.framework.steps.OrderSteps.userClickOnFirstOrderInList()
 INFO [main] (OrderSteps.java:37)- user click on cancel the order button
  And User click on Cancel The Order button                                      # tek.sdet.framework.steps.OrderSteps.userClickOnCancelTheOrderButton()
 INFO [main] (OrderSteps.java:44)- user select the cancelation reason
  And User select the cancelation Reason 'Bought wrong item'                     # tek.sdet.framework.steps.OrderSteps.userSelectTheCancelationReasonBoughtWrongItem(java.lang.String)
 INFO [main] (OrderSteps.java:51)- user click on cancel order button
  And User click on Cancel Order button                                          # tek.sdet.framework.steps.OrderSteps.userClickOnCancelOrderButton()
 INFO [main] (OrderSteps.java:62)- cancelation message should be displayed
  Then a cancelation message should be displayed 'Your Order Has Been Cancelled' # tek.sdet.framework.steps.OrderSteps.aCancelationMessageShouldBeDisplayedYourOrderHasBeenCancelled(java.lang.String)
]]></system-out>
    <system-err><![CDATA[Starting ChromeDriver 111.0.5563.64 (c710e93d5b63b7095afe8c2c17df34408078439d-refs/branch-heads/5563@{#995}) on port 57281
Only local connections are allowed.
Please see https://chromedriver.chromium.org/security-considerations for suggestions on keeping ChromeDriver safe.
ChromeDriver was started successfully.
Mar 28, 2023 11:05:36 PM org.openqa.selenium.remote.ProtocolHandshake createSession
INFO: Detected upstream dialect: W3C
Mar 28, 2023 11:05:36 PM org.openqa.selenium.devtools.CdpVersionFinder findNearestMatch
WARNING: Unable to find an exact match for CDP version 111, so returning the closest version found: a no-op implementation
Mar 28, 2023 11:05:36 PM org.openqa.selenium.devtools.CdpVersionFinder findNearestMatch
INFO: Unable to find CDP implementation matching 111.
Mar 28, 2023 11:05:36 PM org.openqa.selenium.chromium.ChromiumDriver lambda$new$3
WARNING: Unable to find version of CDP to use for . You may need to include a dependency on a specific version of the CDP using something similar to `org.seleniumhq.selenium:selenium-devtools-v86:4.4.0` where the version ("v86") matches the version of the chromium-based browser you're using and the version number of the artifact is the same as Selenium's.
]]></system-err>
  </testcase>
  <testcase name="Verify User can Return the order" classname="Retail Order Page" time="5.604">
    <system-out><![CDATA[
@orderPageScenario2 @RegrationOrderPage @RegrationCapston
Scenario: Verify User can Return the order                               # features/OrderPage.feature:18
{browser=chrome, headless=true, url=https://tek-retail-ui.azurewebsites.net/}
  Given User is on retail website                                        # tek.sdet.framework.steps.SignInSteps.userIsOnRetailWebsite()
 INFO [main] (SignInSteps.java:36)- User Signed In
  When User click on Sign in option                                      # tek.sdet.framework.steps.SignInSteps.UserClickOnSignInOption()
 INFO [main] (SignInSteps.java:44)- User enter email and Password
  And User enter email 'hoshmande@tekschool.us' and password 'Tek@12345' # tek.sdet.framework.steps.SignInSteps.UserEnterEmailAndPassword(java.lang.String,java.lang.String)
 INFO [main] (SignInSteps.java:51)- User log In into Accoutn
  And User click on login button                                         # tek.sdet.framework.steps.SignInSteps.UserClickOnLoginButton()
 INFO [main] (SignInSteps.java:58)- User confimed on account page
  And User should be logged in into Account                              # tek.sdet.framework.steps.SignInSteps.UserShouldBeLoggedInIntoAccount()
 INFO [main] (OrderSteps.java:23)- user click on orders section
  And User click on Orders section                                       # tek.sdet.framework.steps.OrderSteps.userClickOnOrdersSection()
 INFO [main] (OrderSteps.java:30)- user click on first order in List
  And User click on first order in list                                  # tek.sdet.framework.steps.OrderSteps.userClickOnFirstOrderInList()
 INFO [main] (OrderSteps.java:75)- user click on Retrun Item button
  And User click on Return Items button                                  # tek.sdet.framework.steps.OrderSteps.userClickOnReturnItemButton()
 INFO [main] (OrderSteps.java:82)- User select the Return Reason 'Item damaged
  And User select the Return Reason 'Item damaged'                       # tek.sdet.framework.steps.OrderSteps.userSelectTheReturnReasonItemDamaged(java.lang.String)
 INFO [main] (OrderSteps.java:89)- User select the drop off service 'FedEx'
  And User select the drop off service 'FedEx'                           # tek.sdet.framework.steps.OrderSteps.userSelectTheDropOffServiceFedex(java.lang.String)
 INFO [main] (OrderSteps.java:96)- User click on Return Order button
  And User click on Return Order button                                  # tek.sdet.framework.steps.OrderSteps.userClickOnReturnOrderButton()
 INFO [main] (OrderSteps.java:107)- a cancelation message should be displayed 'Return was successful'
  Then a return message should be displayed 'Return was successfull'     # tek.sdet.framework.steps.OrderSteps.returnMessageShouldBeDisplayed(java.lang.String)
]]></system-out>
    <system-err><![CDATA[Starting ChromeDriver 111.0.5563.64 (c710e93d5b63b7095afe8c2c17df34408078439d-refs/branch-heads/5563@{#995}) on port 54048
Only local connections are allowed.
Please see https://chromedriver.chromium.org/security-considerations for suggestions on keeping ChromeDriver safe.
ChromeDriver was started successfully.
Mar 28, 2023 11:05:40 PM org.openqa.selenium.remote.ProtocolHandshake createSession
INFO: Detected upstream dialect: W3C
Mar 28, 2023 11:05:40 PM org.openqa.selenium.devtools.CdpVersionFinder findNearestMatch
WARNING: Unable to find an exact match for CDP version 111, so returning the closest version found: a no-op implementation
Mar 28, 2023 11:05:40 PM org.openqa.selenium.devtools.CdpVersionFinder findNearestMatch
INFO: Unable to find CDP implementation matching 111.
Mar 28, 2023 11:05:40 PM org.openqa.selenium.chromium.ChromiumDriver lambda$new$3
WARNING: Unable to find version of CDP to use for . You may need to include a dependency on a specific version of the CDP using something similar to `org.seleniumhq.selenium:selenium-devtools-v86:4.4.0` where the version ("v86") matches the version of the chromium-based browser you're using and the version number of the artifact is the same as Selenium's.
]]></system-err>
  </testcase>
  <testcase name="Verify User can write a review on order placed" classname="Retail Order Page" time="10.786">
    <system-out><![CDATA[
@orderPageScenario3 @RegrationOrderPage @RegrationCapston
Scenario: Verify User can write a review on order placed                                  # features/OrderPage.feature:34
{browser=chrome, headless=true, url=https://tek-retail-ui.azurewebsites.net/}
  Given User is on retail website                                                         # tek.sdet.framework.steps.SignInSteps.userIsOnRetailWebsite()
 INFO [main] (SignInSteps.java:36)- User Signed In
  When User click on Sign in option                                                       # tek.sdet.framework.steps.SignInSteps.UserClickOnSignInOption()
 INFO [main] (SignInSteps.java:44)- User enter email and Password
  And User enter email 'hoshmande@tekschool.us' and password 'Tek@12345'                  # tek.sdet.framework.steps.SignInSteps.UserEnterEmailAndPassword(java.lang.String,java.lang.String)
 INFO [main] (SignInSteps.java:51)- User log In into Accoutn
  And User click on login button                                                          # tek.sdet.framework.steps.SignInSteps.UserClickOnLoginButton()
 INFO [main] (SignInSteps.java:58)- User confimed on account page
  And User should be logged in into Account                                               # tek.sdet.framework.steps.SignInSteps.UserShouldBeLoggedInIntoAccount()
 INFO [main] (OrderSteps.java:23)- user click on orders section
  And User click on Orders section                                                        # tek.sdet.framework.steps.OrderSteps.userClickOnOrdersSection()
 INFO [main] (OrderSteps.java:30)- user click on first order in List
  And User click on first order in list                                                   # tek.sdet.framework.steps.OrderSteps.userClickOnFirstOrderInList()
 INFO [main] (OrderSteps.java:118)- user Click on review button
  And User click on Review button                                                         # tek.sdet.framework.steps.OrderSteps.userClickOnReviewButton()
 INFO [main] (OrderSteps.java:128)- User Write review message
  And User write Review headline 'qualities' and 'I appreciate doing businesses with you' # tek.sdet.framework.steps.OrderSteps.userWriteReviewHealineAndReviewText(java.lang.String,java.lang.String)
 INFO [main] (OrderSteps.java:135)- User click Add your Review Button
  And User click Add your Review button                                                   # tek.sdet.framework.steps.OrderSteps.userClickAddYourReviewButton()
 INFO [main] (OrderSteps.java:146)- A review Message Should be Displayed your review was added successfully
  Then a review message should be displayed 'Your review was added successfully'          # tek.sdet.framework.steps.OrderSteps.aReviewMessageShoudBeDisplayed(java.lang.String)
]]></system-out>
    <system-err><![CDATA[Starting ChromeDriver 111.0.5563.64 (c710e93d5b63b7095afe8c2c17df34408078439d-refs/branch-heads/5563@{#995}) on port 57315
Only local connections are allowed.
Please see https://chromedriver.chromium.org/security-considerations for suggestions on keeping ChromeDriver safe.
ChromeDriver was started successfully.
Mar 28, 2023 11:05:45 PM org.openqa.selenium.remote.ProtocolHandshake createSession
INFO: Detected upstream dialect: W3C
Mar 28, 2023 11:05:45 PM org.openqa.selenium.devtools.CdpVersionFinder findNearestMatch
WARNING: Unable to find an exact match for CDP version 111, so returning the closest version found: a no-op implementation
Mar 28, 2023 11:05:45 PM org.openqa.selenium.devtools.CdpVersionFinder findNearestMatch
INFO: Unable to find CDP implementation matching 111.
Mar 28, 2023 11:05:45 PM org.openqa.selenium.chromium.ChromiumDriver lambda$new$3
WARNING: Unable to find version of CDP to use for . You may need to include a dependency on a specific version of the CDP using something similar to `org.seleniumhq.selenium:selenium-devtools-v86:4.4.0` where the version ("v86") matches the version of the chromium-based browser you're using and the version number of the artifact is the same as Selenium's.
]]></system-err>
  </testcase>
  <testcase name="Verify User can update Profile Information" classname="Retail Account Page" time="5.167">
    <system-out><![CDATA[
@AccountTC1 @regeration @RegrationCapston
Scenario: Verify User can update Profile Information                       # features/accountPage.feature:11
{browser=chrome, headless=true, url=https://tek-retail-ui.azurewebsites.net/}
  Given User is on retail website                                          # tek.sdet.framework.steps.SignInSteps.userIsOnRetailWebsite()
 INFO [main] (SignInSteps.java:36)- User Signed In
  When User click on Sign in option                                        # tek.sdet.framework.steps.SignInSteps.UserClickOnSignInOption()
 INFO [main] (SignInSteps.java:44)- User enter email and Password
  And User enter email 'Sharif.test@gmail.com' and password 'Tek@11223344' # tek.sdet.framework.steps.SignInSteps.UserEnterEmailAndPassword(java.lang.String,java.lang.String)
 INFO [main] (SignInSteps.java:51)- User log In into Accoutn
  And User click on login button                                           # tek.sdet.framework.steps.SignInSteps.UserClickOnLoginButton()
 INFO [main] (SignInSteps.java:58)- User confimed on account page
  And User should be logged in into Account                                # tek.sdet.framework.steps.SignInSteps.UserShouldBeLoggedInIntoAccount()
 INFO [main] (AccountSteps.java:30)- User click on account options
  When User click on Account option                                        # tek.sdet.framework.steps.AccountSteps.UserClickOnAccountOption()
 INFO [main] (AccountSteps.java:40)- User enter name and phone number
  And User update Name 'Baruiiish' and Phone '91600000000'                 # tek.sdet.framework.steps.AccountSteps.UserUpdateNameAndPhone(java.lang.String,java.lang.String)
 INFO [main] (AccountSteps.java:48)- User click on update button
  And User click on Update button                                          # tek.sdet.framework.steps.AccountSteps.UserClickOnUpdateButton()
 INFO [main] (AccountSteps.java:56)- good to go
  Then User profile information should be updated                          # tek.sdet.framework.steps.AccountSteps.UserProfileInformationShouldBeUpdated()
]]></system-out>
    <system-err><![CDATA[Starting ChromeDriver 111.0.5563.64 (c710e93d5b63b7095afe8c2c17df34408078439d-refs/branch-heads/5563@{#995}) on port 60179
Only local connections are allowed.
Please see https://chromedriver.chromium.org/security-considerations for suggestions on keeping ChromeDriver safe.
ChromeDriver was started successfully.
Mar 28, 2023 11:05:56 PM org.openqa.selenium.remote.ProtocolHandshake createSession
INFO: Detected upstream dialect: W3C
Mar 28, 2023 11:05:56 PM org.openqa.selenium.devtools.CdpVersionFinder findNearestMatch
WARNING: Unable to find an exact match for CDP version 111, so returning the closest version found: a no-op implementation
Mar 28, 2023 11:05:56 PM org.openqa.selenium.devtools.CdpVersionFinder findNearestMatch
INFO: Unable to find CDP implementation matching 111.
Mar 28, 2023 11:05:56 PM org.openqa.selenium.chromium.ChromiumDriver lambda$new$3
WARNING: Unable to find version of CDP to use for . You may need to include a dependency on a specific version of the CDP using something similar to `org.seleniumhq.selenium:selenium-devtools-v86:4.4.0` where the version ("v86") matches the version of the chromium-based browser you're using and the version number of the artifact is the same as Selenium's.
]]></system-err>
  </testcase>
  <testcase name="Verify User can add a payment method" classname="Retail Account Page" time="5.82">
    <system-out><![CDATA[
@AccountTC3 @regeration @RegrationCapston
Scenario: Verify User can add a payment method                             # features/accountPage.feature:27
{browser=chrome, headless=true, url=https://tek-retail-ui.azurewebsites.net/}
  Given User is on retail website                                          # tek.sdet.framework.steps.SignInSteps.userIsOnRetailWebsite()
 INFO [main] (SignInSteps.java:36)- User Signed In
  When User click on Sign in option                                        # tek.sdet.framework.steps.SignInSteps.UserClickOnSignInOption()
 INFO [main] (SignInSteps.java:44)- User enter email and Password
  And User enter email 'Sharif.test@gmail.com' and password 'Tek@11223344' # tek.sdet.framework.steps.SignInSteps.UserEnterEmailAndPassword(java.lang.String,java.lang.String)
 INFO [main] (SignInSteps.java:51)- User log In into Accoutn
  And User click on login button                                           # tek.sdet.framework.steps.SignInSteps.UserClickOnLoginButton()
 INFO [main] (SignInSteps.java:58)- User confimed on account page
  And User should be logged in into Account                                # tek.sdet.framework.steps.SignInSteps.UserShouldBeLoggedInIntoAccount()
 INFO [main] (AccountSteps.java:30)- User click on account options
  When User click on Account option                                        # tek.sdet.framework.steps.AccountSteps.UserClickOnAccountOption()
 INFO [main] (AccountSteps.java:102)- User click on Add Payment link
  And User click on Add a payment method link                              # tek.sdet.framework.steps.AccountSteps.UserClickOnAddAPaymentMethodLink()
 INFO [main] (AccountSteps.java:114)- User put Debit or Credit Card Informations
  And User fill Debit or credit card information                           # tek.sdet.framework.steps.AccountSteps.UserFillDebitOrCreditCardInformation(io.cucumber.datatable.DataTable)
    | cardNumber       | nameOnCard | expirationMonth | expirationYear | securityCode |
    | 1164448556885521 | Baresh     | 11              | 2025           | 999          |
 INFO [main] (AccountSteps.java:121)- User click on add your card button
  And User click on Add your card button                                   # tek.sdet.framework.steps.AccountSteps.UserClickOnAddYourCardButton()
 INFO [main] (AccountSteps.java:129)- good to go for updating password
  Then a message should be displayed 'Payment Method added successfully'   # tek.sdet.framework.steps.AccountSteps.MessageShouldBeDisplayedPaymentAddSuccessfully()
]]></system-out>
    <system-err><![CDATA[Starting ChromeDriver 111.0.5563.64 (c710e93d5b63b7095afe8c2c17df34408078439d-refs/branch-heads/5563@{#995}) on port 51488
Only local connections are allowed.
Please see https://chromedriver.chromium.org/security-considerations for suggestions on keeping ChromeDriver safe.
ChromeDriver was started successfully.
Mar 28, 2023 11:06:01 PM org.openqa.selenium.remote.ProtocolHandshake createSession
INFO: Detected upstream dialect: W3C
Mar 28, 2023 11:06:01 PM org.openqa.selenium.devtools.CdpVersionFinder findNearestMatch
WARNING: Unable to find an exact match for CDP version 111, so returning the closest version found: a no-op implementation
Mar 28, 2023 11:06:01 PM org.openqa.selenium.devtools.CdpVersionFinder findNearestMatch
INFO: Unable to find CDP implementation matching 111.
Mar 28, 2023 11:06:01 PM org.openqa.selenium.chromium.ChromiumDriver lambda$new$3
WARNING: Unable to find version of CDP to use for . You may need to include a dependency on a specific version of the CDP using something similar to `org.seleniumhq.selenium:selenium-devtools-v86:4.4.0` where the version ("v86") matches the version of the chromium-based browser you're using and the version number of the artifact is the same as Selenium's.
]]></system-err>
  </testcase>
  <testcase name="Verify User can edit Debit or Credit card" classname="Retail Account Page" time="5.179">
    <system-out><![CDATA[
@AccountTC4 @regeration @RegrationCapston
Scenario: Verify User can edit Debit or Credit card                        # features/accountPage.feature:37
{browser=chrome, headless=true, url=https://tek-retail-ui.azurewebsites.net/}
  Given User is on retail website                                          # tek.sdet.framework.steps.SignInSteps.userIsOnRetailWebsite()
 INFO [main] (SignInSteps.java:36)- User Signed In
  When User click on Sign in option                                        # tek.sdet.framework.steps.SignInSteps.UserClickOnSignInOption()
 INFO [main] (SignInSteps.java:44)- User enter email and Password
  And User enter email 'Sharif.test@gmail.com' and password 'Tek@11223344' # tek.sdet.framework.steps.SignInSteps.UserEnterEmailAndPassword(java.lang.String,java.lang.String)
 INFO [main] (SignInSteps.java:51)- User log In into Accoutn
  And User click on login button                                           # tek.sdet.framework.steps.SignInSteps.UserClickOnLoginButton()
 INFO [main] (SignInSteps.java:58)- User confimed on account page
  And User should be logged in into Account                                # tek.sdet.framework.steps.SignInSteps.UserShouldBeLoggedInIntoAccount()
 INFO [main] (AccountSteps.java:30)- User click on account options
  When User click on Account option                                        # tek.sdet.framework.steps.AccountSteps.UserClickOnAccountOption()
 INFO [main] (AccountSteps.java:142)- User click on existing payment add card
 INFO [main] (AccountSteps.java:144)- User click on edit option of card 'which was missing step from Test Case' 
  And User click on Edit option of card section                            # tek.sdet.framework.steps.AccountSteps.userClickOnEditOptionOfCardSection()
 INFO [main] (AccountSteps.java:159)- user updated cardNumber, Name, ExpirationMonth,Year and Securitycode
  And user edit information with below data                                # tek.sdet.framework.steps.AccountSteps.userEditInformationWithBelowData(io.cucumber.datatable.DataTable)
    | cardNumber       | nameOnCard | expirationMonth | expirationYear | securityCode |
    | 1987653901097777 | Barish     | 9               | 2029           | 777          |
 INFO [main] (AccountSteps.java:166)- User click on Update your Card button
  And user click on Update Your Card button                                # tek.sdet.framework.steps.AccountSteps.userClickOnUpdateYourCardbutton()
 INFO [main] (AccountSteps.java:174)- Message displayed PaymentMethod Updated Successfully
  Then a message should be displayed 'Payment Method updated Successfully' # tek.sdet.framework.steps.AccountSteps.messageDisplayedPaymentUpdatedSuccessfully()
]]></system-out>
    <system-err><![CDATA[Starting ChromeDriver 111.0.5563.64 (c710e93d5b63b7095afe8c2c17df34408078439d-refs/branch-heads/5563@{#995}) on port 55731
Only local connections are allowed.
Please see https://chromedriver.chromium.org/security-considerations for suggestions on keeping ChromeDriver safe.
ChromeDriver was started successfully.
Mar 28, 2023 11:06:07 PM org.openqa.selenium.remote.ProtocolHandshake createSession
INFO: Detected upstream dialect: W3C
Mar 28, 2023 11:06:07 PM org.openqa.selenium.devtools.CdpVersionFinder findNearestMatch
WARNING: Unable to find an exact match for CDP version 111, so returning the closest version found: a no-op implementation
Mar 28, 2023 11:06:07 PM org.openqa.selenium.devtools.CdpVersionFinder findNearestMatch
INFO: Unable to find CDP implementation matching 111.
Mar 28, 2023 11:06:07 PM org.openqa.selenium.chromium.ChromiumDriver lambda$new$3
WARNING: Unable to find version of CDP to use for . You may need to include a dependency on a specific version of the CDP using something similar to `org.seleniumhq.selenium:selenium-devtools-v86:4.4.0` where the version ("v86") matches the version of the chromium-based browser you're using and the version number of the artifact is the same as Selenium's.
]]></system-err>
  </testcase>
  <testcase name="Verify User can remove Debit or Credit card" classname="Retail Account Page" time="3.381">
    <system-out><![CDATA[
@AccountTC5 @regeration @RegrationCapston
Scenario: Verify User can remove Debit or Credit card                      # features/accountPage.feature:47
{browser=chrome, headless=true, url=https://tek-retail-ui.azurewebsites.net/}
  Given User is on retail website                                          # tek.sdet.framework.steps.SignInSteps.userIsOnRetailWebsite()
 INFO [main] (SignInSteps.java:36)- User Signed In
  When User click on Sign in option                                        # tek.sdet.framework.steps.SignInSteps.UserClickOnSignInOption()
 INFO [main] (SignInSteps.java:44)- User enter email and Password
  And User enter email 'Sharif.test@gmail.com' and password 'Tek@11223344' # tek.sdet.framework.steps.SignInSteps.UserEnterEmailAndPassword(java.lang.String,java.lang.String)
 INFO [main] (SignInSteps.java:51)- User log In into Accoutn
  And User click on login button                                           # tek.sdet.framework.steps.SignInSteps.UserClickOnLoginButton()
 INFO [main] (SignInSteps.java:58)- User confimed on account page
  And User should be logged in into Account                                # tek.sdet.framework.steps.SignInSteps.UserShouldBeLoggedInIntoAccount()
 INFO [main] (AccountSteps.java:30)- User click on account options
  When User click on Account option                                        # tek.sdet.framework.steps.AccountSteps.UserClickOnAccountOption()
 INFO [main] (AccountSteps.java:190)- user Click on remove option 
  And User click on remove option of card section                          # tek.sdet.framework.steps.AccountSteps.userClickOnRemoveOptionOfCardSection()
 INFO [main] (AccountSteps.java:198)- payment details should be removed
  Then payment details should be removed                                   # tek.sdet.framework.steps.AccountSteps.paymentdetailsShouldBeRemoved()
]]></system-out>
    <system-err><![CDATA[Starting ChromeDriver 111.0.5563.64 (c710e93d5b63b7095afe8c2c17df34408078439d-refs/branch-heads/5563@{#995}) on port 62292
Only local connections are allowed.
Please see https://chromedriver.chromium.org/security-considerations for suggestions on keeping ChromeDriver safe.
ChromeDriver was started successfully.
Mar 28, 2023 11:06:12 PM org.openqa.selenium.remote.ProtocolHandshake createSession
INFO: Detected upstream dialect: W3C
Mar 28, 2023 11:06:12 PM org.openqa.selenium.devtools.CdpVersionFinder findNearestMatch
WARNING: Unable to find an exact match for CDP version 111, so returning the closest version found: a no-op implementation
Mar 28, 2023 11:06:12 PM org.openqa.selenium.devtools.CdpVersionFinder findNearestMatch
INFO: Unable to find CDP implementation matching 111.
Mar 28, 2023 11:06:12 PM org.openqa.selenium.chromium.ChromiumDriver lambda$new$3
WARNING: Unable to find version of CDP to use for . You may need to include a dependency on a specific version of the CDP using something similar to `org.seleniumhq.selenium:selenium-devtools-v86:4.4.0` where the version ("v86") matches the version of the chromium-based browser you're using and the version number of the artifact is the same as Selenium's.
]]></system-err>
  </testcase>
  <testcase name="Verify User can add an Address" classname="Retail Account Page" time="4.9">
    <system-out><![CDATA[
@AccountTC6 @regeration @RegrationCapston
Scenario: Verify User can add an Address                                   # features/accountPage.feature:53
{browser=chrome, headless=true, url=https://tek-retail-ui.azurewebsites.net/}
  Given User is on retail website                                          # tek.sdet.framework.steps.SignInSteps.userIsOnRetailWebsite()
 INFO [main] (SignInSteps.java:36)- User Signed In
  When User click on Sign in option                                        # tek.sdet.framework.steps.SignInSteps.UserClickOnSignInOption()
 INFO [main] (SignInSteps.java:44)- User enter email and Password
  And User enter email 'Sharif.test@gmail.com' and password 'Tek@11223344' # tek.sdet.framework.steps.SignInSteps.UserEnterEmailAndPassword(java.lang.String,java.lang.String)
 INFO [main] (SignInSteps.java:51)- User log In into Accoutn
  And User click on login button                                           # tek.sdet.framework.steps.SignInSteps.UserClickOnLoginButton()
 INFO [main] (SignInSteps.java:58)- User confimed on account page
  And User should be logged in into Account                                # tek.sdet.framework.steps.SignInSteps.UserShouldBeLoggedInIntoAccount()
 INFO [main] (AccountSteps.java:30)- User click on account options
  When User click on Account option                                        # tek.sdet.framework.steps.AccountSteps.UserClickOnAccountOption()
 INFO [main] (AccountSteps.java:212)- 
  And User click on Add address option                                     # tek.sdet.framework.steps.AccountSteps.userClickOnAddAddressOption()
 INFO [main] (AccountSteps.java:258)- User fill new addres form with above information
  And user fill new address form with below information                    # tek.sdet.framework.steps.AccountSteps.userFillNewAddressFormWithBleowInformation(io.cucumber.datatable.DataTable)
    | country       | fullName      | phoneNumber | streetAddress    | apt | city       | state      | zipCode |
    | United States | salem shaheen | 9168587454  | 1010 marconi ave | 10  | sacramento | California | 95821   |
 INFO [main] (AccountSteps.java:265)- 
  And User click Add Your Address button                                   # tek.sdet.framework.steps.AccountSteps.userClickAddYourAddressButton()
printed
 INFO [main] (AccountSteps.java:281)- message should be displayed Address Added Successfully
  Then a message should be displayed 'Address Added Successfully'          # tek.sdet.framework.steps.AccountSteps.messageShouldBeDisplayedAddressAddedSuccessfully()
]]></system-out>
    <system-err><![CDATA[Starting ChromeDriver 111.0.5563.64 (c710e93d5b63b7095afe8c2c17df34408078439d-refs/branch-heads/5563@{#995}) on port 62781
Only local connections are allowed.
Please see https://chromedriver.chromium.org/security-considerations for suggestions on keeping ChromeDriver safe.
ChromeDriver was started successfully.
Mar 28, 2023 11:06:16 PM org.openqa.selenium.remote.ProtocolHandshake createSession
INFO: Detected upstream dialect: W3C
Mar 28, 2023 11:06:16 PM org.openqa.selenium.devtools.CdpVersionFinder findNearestMatch
WARNING: Unable to find an exact match for CDP version 111, so returning the closest version found: a no-op implementation
Mar 28, 2023 11:06:16 PM org.openqa.selenium.devtools.CdpVersionFinder findNearestMatch
INFO: Unable to find CDP implementation matching 111.
Mar 28, 2023 11:06:16 PM org.openqa.selenium.chromium.ChromiumDriver lambda$new$3
WARNING: Unable to find version of CDP to use for . You may need to include a dependency on a specific version of the CDP using something similar to `org.seleniumhq.selenium:selenium-devtools-v86:4.4.0` where the version ("v86") matches the version of the chromium-based browser you're using and the version number of the artifact is the same as Selenium's.
]]></system-err>
  </testcase>
  <testcase name="Verify User can edit an Address added on account" classname="Retail Account Page" time="5.24">
    <system-out><![CDATA[
@AccountTC7 @regeration @RegrationCapston
Scenario: Verify User can edit an Address added on account                 # features/accountPage.feature:63
{browser=chrome, headless=true, url=https://tek-retail-ui.azurewebsites.net/}
  Given User is on retail website                                          # tek.sdet.framework.steps.SignInSteps.userIsOnRetailWebsite()
 INFO [main] (SignInSteps.java:36)- User Signed In
  When User click on Sign in option                                        # tek.sdet.framework.steps.SignInSteps.UserClickOnSignInOption()
 INFO [main] (SignInSteps.java:44)- User enter email and Password
  And User enter email 'Sharif.test@gmail.com' and password 'Tek@11223344' # tek.sdet.framework.steps.SignInSteps.UserEnterEmailAndPassword(java.lang.String,java.lang.String)
 INFO [main] (SignInSteps.java:51)- User log In into Accoutn
  And User click on login button                                           # tek.sdet.framework.steps.SignInSteps.UserClickOnLoginButton()
 INFO [main] (SignInSteps.java:58)- User confimed on account page
  And User should be logged in into Account                                # tek.sdet.framework.steps.SignInSteps.UserShouldBeLoggedInIntoAccount()
 INFO [main] (AccountSteps.java:30)- User click on account options
  When User click on Account option                                        # tek.sdet.framework.steps.AccountSteps.UserClickOnAccountOption()
 INFO [main] (AccountSteps.java:296)- User click on edit address option
  And User click on edit address option                                    # tek.sdet.framework.steps.AccountSteps.userClickOnEditAddressOption()
 INFO [main] (AccountSteps.java:258)- User fill new addres form with above information
  And user fill new address form with below information                    # tek.sdet.framework.steps.AccountSteps.userFillNewAddressFormWithBleowInformation(io.cucumber.datatable.DataTable)
    | country       | fullName     | phoneNumber | streetAddress | apt | city    | state | zipCode |
    | United States | Samad Dardar | 8314448318  | 2222 Elcamino | G   | Houston | Texas | 79975   |
 INFO [main] (AccountSteps.java:303)- User click update your Address button
  And User click update Your Address button                                # tek.sdet.framework.steps.AccountSteps.userClickUpdateYourAddButton()
 INFO [main] (AccountSteps.java:316)- message displyed address updated successfully
  Then a message should be displayed 'Address Updated Successfully'        # tek.sdet.framework.steps.AccountSteps.messageShouldBeDisplayedAddUpdatedSuccessfully()
]]></system-out>
    <system-err><![CDATA[Starting ChromeDriver 111.0.5563.64 (c710e93d5b63b7095afe8c2c17df34408078439d-refs/branch-heads/5563@{#995}) on port 50452
Only local connections are allowed.
Please see https://chromedriver.chromium.org/security-considerations for suggestions on keeping ChromeDriver safe.
ChromeDriver was started successfully.
Mar 28, 2023 11:06:20 PM org.openqa.selenium.remote.ProtocolHandshake createSession
INFO: Detected upstream dialect: W3C
Mar 28, 2023 11:06:20 PM org.openqa.selenium.devtools.CdpVersionFinder findNearestMatch
WARNING: Unable to find an exact match for CDP version 111, so returning the closest version found: a no-op implementation
Mar 28, 2023 11:06:20 PM org.openqa.selenium.devtools.CdpVersionFinder findNearestMatch
INFO: Unable to find CDP implementation matching 111.
Mar 28, 2023 11:06:20 PM org.openqa.selenium.chromium.ChromiumDriver lambda$new$3
WARNING: Unable to find version of CDP to use for . You may need to include a dependency on a specific version of the CDP using something similar to `org.seleniumhq.selenium:selenium-devtools-v86:4.4.0` where the version ("v86") matches the version of the chromium-based browser you're using and the version number of the artifact is the same as Selenium's.
]]></system-err>
  </testcase>
  <testcase name="Verify User can remove Address from Account" classname="Retail Account Page" time="5.32">
    <system-out><![CDATA[
@AccountTC8 @regeration @RegrationCapston
Scenario: Verify User can remove Address from Account                      # features/accountPage.feature:73
{browser=chrome, headless=true, url=https://tek-retail-ui.azurewebsites.net/}
  Given User is on retail website                                          # tek.sdet.framework.steps.SignInSteps.userIsOnRetailWebsite()
 INFO [main] (SignInSteps.java:36)- User Signed In
  When User click on Sign in option                                        # tek.sdet.framework.steps.SignInSteps.UserClickOnSignInOption()
 INFO [main] (SignInSteps.java:44)- User enter email and Password
  And User enter email 'Sharif.test@gmail.com' and password 'Tek@11223344' # tek.sdet.framework.steps.SignInSteps.UserEnterEmailAndPassword(java.lang.String,java.lang.String)
 INFO [main] (SignInSteps.java:51)- User log In into Accoutn
  And User click on login button                                           # tek.sdet.framework.steps.SignInSteps.UserClickOnLoginButton()
 INFO [main] (SignInSteps.java:58)- User confimed on account page
  And User should be logged in into Account                                # tek.sdet.framework.steps.SignInSteps.UserShouldBeLoggedInIntoAccount()
 INFO [main] (AccountSteps.java:30)- User click on account options
  When User click on Account option                                        # tek.sdet.framework.steps.AccountSteps.UserClickOnAccountOption()
 INFO [main] (AccountSteps.java:328)- User click on remove option of Address section
  And User click on remove option of Address section                       # tek.sdet.framework.steps.AccountSteps.userClickOnRemoveOptionOfAddressSection()
 INFO [main] (AccountSteps.java:336)- Address details should be removed
  Then Address details should be removed                                   # tek.sdet.framework.steps.AccountSteps.addressDetailsShouldBeRemoved()
]]></system-out>
    <system-err><![CDATA[Starting ChromeDriver 111.0.5563.64 (c710e93d5b63b7095afe8c2c17df34408078439d-refs/branch-heads/5563@{#995}) on port 54290
Only local connections are allowed.
Please see https://chromedriver.chromium.org/security-considerations for suggestions on keeping ChromeDriver safe.
ChromeDriver was started successfully.
Mar 28, 2023 11:06:26 PM org.openqa.selenium.remote.ProtocolHandshake createSession
INFO: Detected upstream dialect: W3C
Mar 28, 2023 11:06:26 PM org.openqa.selenium.devtools.CdpVersionFinder findNearestMatch
WARNING: Unable to find an exact match for CDP version 111, so returning the closest version found: a no-op implementation
Mar 28, 2023 11:06:26 PM org.openqa.selenium.devtools.CdpVersionFinder findNearestMatch
INFO: Unable to find CDP implementation matching 111.
Mar 28, 2023 11:06:26 PM org.openqa.selenium.chromium.ChromiumDriver lambda$new$3
WARNING: Unable to find version of CDP to use for . You may need to include a dependency on a specific version of the CDP using something similar to `org.seleniumhq.selenium:selenium-devtools-v86:4.4.0` where the version ("v86") matches the version of the chromium-based browser you're using and the version number of the artifact is the same as Selenium's.
]]></system-err>
  </testcase>
  <testcase name="Verify user can sign in into Retail Application" classname="Sign In feature" time="2.995">
    <system-out><![CDATA[
@TCsignInSenario1 @RegrationSignIn @RegrationCapston
Scenario: Verify user can sign in into Retail Application                # features/signInPage.feature:4
{browser=chrome, headless=true, url=https://tek-retail-ui.azurewebsites.net/}
  Given User is on retail website                                        # tek.sdet.framework.steps.SignInSteps.userIsOnRetailWebsite()
 INFO [main] (SignInSteps.java:36)- User Signed In
  When User click on Sign in option                                      # tek.sdet.framework.steps.SignInSteps.UserClickOnSignInOption()
 INFO [main] (SignInSteps.java:44)- User enter email and Password
  And User enter email 'hoshmande@tekschool.us' and password 'Tek@12345' # tek.sdet.framework.steps.SignInSteps.UserEnterEmailAndPassword(java.lang.String,java.lang.String)
 INFO [main] (SignInSteps.java:51)- User log In into Accoutn
  And User click on login button                                         # tek.sdet.framework.steps.SignInSteps.UserClickOnLoginButton()
 INFO [main] (SignInSteps.java:58)- User confimed on account page
  Then User should be logged in into Account                             # tek.sdet.framework.steps.SignInSteps.UserShouldBeLoggedInIntoAccount()
]]></system-out>
    <system-err><![CDATA[Starting ChromeDriver 111.0.5563.64 (c710e93d5b63b7095afe8c2c17df34408078439d-refs/branch-heads/5563@{#995}) on port 62950
Only local connections are allowed.
Please see https://chromedriver.chromium.org/security-considerations for suggestions on keeping ChromeDriver safe.
ChromeDriver was started successfully.
Mar 28, 2023 11:06:31 PM org.openqa.selenium.remote.ProtocolHandshake createSession
INFO: Detected upstream dialect: W3C
Mar 28, 2023 11:06:31 PM org.openqa.selenium.devtools.CdpVersionFinder findNearestMatch
WARNING: Unable to find an exact match for CDP version 111, so returning the closest version found: a no-op implementation
Mar 28, 2023 11:06:31 PM org.openqa.selenium.devtools.CdpVersionFinder findNearestMatch
INFO: Unable to find CDP implementation matching 111.
Mar 28, 2023 11:06:31 PM org.openqa.selenium.chromium.ChromiumDriver lambda$new$3
WARNING: Unable to find version of CDP to use for . You may need to include a dependency on a specific version of the CDP using something similar to `org.seleniumhq.selenium:selenium-devtools-v86:4.4.0` where the version ("v86") matches the version of the chromium-based browser you're using and the version number of the artifact is the same as Selenium's.
]]></system-err>
  </testcase>
  <testcase name="Verify user can create an account into Retail Website" classname="Sign In feature" time="4.484">
    <system-out><![CDATA[
@TCsignInSenario2 @RegrationSignIn @RegrationCapston
Scenario: Verify user can create an account into Retail Website # features/signInPage.feature:12
{browser=chrome, headless=true, url=https://tek-retail-ui.azurewebsites.net/}
  Given User is on retail website                               # tek.sdet.framework.steps.SignInSteps.userIsOnRetailWebsite()
 INFO [main] (SignInSteps.java:36)- User Signed In
  When User click on Sign in option                             # tek.sdet.framework.steps.SignInSteps.UserClickOnSignInOption()
 INFO [main] (SignInSteps.java:69)- User click on create new Account button
  And User click on Create New Account button                   # tek.sdet.framework.steps.SignInSteps.UserClickOnCreateNewAccountButton()
 INFO [main] (SignInSteps.java:80)- User enter name, email, password, confirmpassword
  And User fill the signUp information with below data          # tek.sdet.framework.steps.SignInSteps.UserFillTheSignUpInformationWithBelowData(io.cucumber.datatable.DataTable)
    | name         | email              | password   | confirmPassword |
    | John Lombtrd | bbbjy@tekschool.us | Tek@123456 | Tek@123456      |
 INFO [main] (SignInSteps.java:87)- User Click on sign Up Button
  And User click on SignUp button                               # tek.sdet.framework.steps.SignInSteps.UserClickOnSignUpButton()
  Then User should be logged into account page                  # tek.sdet.framework.steps.SignInSteps.UserShouldBeLoggedIntoAccountPage()
]]></system-out>
    <system-err><![CDATA[Starting ChromeDriver 111.0.5563.64 (c710e93d5b63b7095afe8c2c17df34408078439d-refs/branch-heads/5563@{#995}) on port 58008
Only local connections are allowed.
Please see https://chromedriver.chromium.org/security-considerations for suggestions on keeping ChromeDriver safe.
ChromeDriver was started successfully.
Mar 28, 2023 11:06:34 PM org.openqa.selenium.remote.ProtocolHandshake createSession
INFO: Detected upstream dialect: W3C
Mar 28, 2023 11:06:34 PM org.openqa.selenium.devtools.CdpVersionFinder findNearestMatch
WARNING: Unable to find an exact match for CDP version 111, so returning the closest version found: a no-op implementation
Mar 28, 2023 11:06:34 PM org.openqa.selenium.devtools.CdpVersionFinder findNearestMatch
INFO: Unable to find CDP implementation matching 111.
Mar 28, 2023 11:06:34 PM org.openqa.selenium.chromium.ChromiumDriver lambda$new$3
WARNING: Unable to find version of CDP to use for . You may need to include a dependency on a specific version of the CDP using something similar to `org.seleniumhq.selenium:selenium-devtools-v86:4.4.0` where the version ("v86") matches the version of the chromium-based browser you're using and the version number of the artifact is the same as Selenium's.
]]></system-err>
  </testcase>
</testsuite>